SoPlex version 4.0.0 [mode: optimized] [precision: 8 byte] [rational: GMP 6.1.2] [githash: 82cab95]
Copyright (c) 1996-2018 Konrad-Zuse-Zentrum fuer Informationstechnik Berlin (ZIB)

int:simplifier = 0
int:scaler = 5
int:readmode = 1
int:solvemode = 2
int:checkmode = 2
real:feastol = 1.00000000e-18
real:opttol = 1.00000000e-18

Reading (rational) LP file <Simulation.lp> . . .
Reading took 0.71 seconds.

LP has 14445 rows 17858 columns and 101392 nonzeros.

Initial floating-point solve . . .
Least squares LP scaling

type |   time |   iters | facts |    shift | violation |     obj value 
  L  |    0.0 |       0 |     1 | 8.19e+03 |  2.97e+03 | 3.98342981e-09
  L  |    0.0 |     199 |     1 | 8.19e+03 |  1.07e+03 | 3.98342981e-09
  L  |    0.0 |     399 |     2 | 8.19e+03 |  1.17e+03 | 3.98342981e-09
  L  |    0.0 |     599 |     3 | 8.19e+03 |  1.04e+03 | 3.98342981e-09
  L  |    0.1 |     799 |     4 | 8.19e+03 |  1.12e+03 | 3.98342981e-09
  L  |    0.1 |     999 |     5 | 8.19e+03 |  9.27e+02 | 3.98342981e-09
  L  |    0.1 |    1199 |     6 | 8.19e+03 |  8.83e+02 | 3.98342981e-09
  L  |    0.1 |    1399 |     7 | 8.19e+03 |  7.84e+02 | 3.98342981e-09
  L  |    0.1 |    1599 |     8 | 8.19e+03 |  5.57e+02 | 3.98342981e-09
  L  |    0.1 |    1799 |     9 | 8.19e+03 |  5.34e+02 | 3.98342981e-09
  L  |    0.1 |    1999 |    10 | 8.19e+03 |  3.74e+02 | 3.98342981e-09
  L  |    0.1 |    2199 |    11 | 8.19e+03 |  4.52e+02 | 3.99276387e-08
  L  |    0.2 |    2399 |    12 | 8.19e+03 |  3.35e+02 | 2.36061877e-08
  L  |    0.2 |    2599 |    13 | 8.19e+03 |  1.75e+02 | 2.43782889e-08
  L  |    0.2 |    2799 |    14 | 8.19e+03 |  1.17e+02 | 1.57912199e-08
  L  |    0.3 |    2999 |    15 | 8.19e+03 |  2.44e+02 | 1.32988366e-08
  L  |    0.4 |    3199 |    16 | 8.19e+03 |  1.12e+02 | 1.21637724e-08
  L  |    0.4 |    3399 |    17 | 8.19e+03 |  8.99e+01 | 5.93265620e-09
  L  |    0.5 |    3599 |    19 | 8.19e+03 |  7.95e+01 | 6.95471322e-09
  L  |    0.6 |    3799 |    21 | 8.19e+03 |  6.26e+01 | -5.59403861e-11
  L  |    0.6 |    3999 |    23 | 8.19e+03 |  5.68e+01 | -9.37330462e-11
  L  |    0.7 |    4199 |    25 | 8.19e+03 |  5.11e+01 | -3.28950410e-09
  L  |    0.7 |    4399 |    27 | 8.19e+03 |  5.32e+01 | -7.40264673e-09
  L  |    0.8 |    4599 |    28 | 8.19e+03 |  1.15e+01 | -1.34210978e-08
  L  |    0.9 |    4799 |    30 | 8.19e+03 |  2.29e+01 | -8.93230430e-09
  L  |    1.0 |    4999 |    32 | 8.19e+03 |  2.14e+01 | 4.95208182e-09
  L  |    1.0 |    5199 |    34 | 8.19e+03 |  8.88e+00 | -2.37329008e-09
  L  |    1.1 |    5399 |    36 | 8.19e+03 |  1.22e+01 | -3.76456971e-09
  L  |    1.2 |    5599 |    38 | 8.19e+03 |  4.87e+00 | 2.29704206e-09
  L  |    1.3 |    5799 |    40 | 8.19e+03 |  2.17e+00 | 1.17456613e-09
type |   time |   iters | facts |    shift | violation |     obj value 
  L  |    1.4 |    5999 |    42 | 8.19e+03 |  5.87e-01 | 7.49300221e-10
  L  |    1.4 |    6199 |    44 | 8.19e+03 |  5.31e-01 | 5.45321647e-10
  L  |    1.5 |    6399 |    45 | 8.19e+03 |  1.90e-01 | 6.36399890e-09
  L  |    1.6 |    6599 |    46 | 8.19e+03 |  6.57e-02 | 6.20302122e-09
  L  |    1.7 |    6799 |    48 | 8.19e+03 |  1.36e-02 | 6.11193643e-09
  L  |    1.8 |    6999 |    49 | 8.19e+03 |  5.90e-02 | 6.09686910e-09
  L  |    1.9 |    7199 |    51 | 8.19e+03 |  1.66e-02 | 6.08341607e-09
  L  |    2.0 |    7399 |    53 | 8.19e+03 |  2.80e-02 | 6.05749626e-09
  L  |    2.1 |    7599 |    55 | 8.19e+03 |  3.08e-02 | 6.03961570e-09
  L  |    2.1 |    7799 |    56 | 8.19e+03 |  2.71e-02 | 1.41576158e-08
  L  |    2.2 |    7999 |    57 | 8.19e+03 |  8.00e-03 | 1.41347735e-08
  L  |    2.3 |    8199 |    59 | 8.19e+03 |  1.43e-03 | 1.41073877e-08
  L  |    2.4 |    8399 |    60 | 8.19e+03 |  1.14e-03 | 1.41016904e-08
  L  |    2.5 |    8599 |    61 | 8.19e+03 |  7.80e-04 | 1.40791171e-08
  L  |    2.5 |    8799 |    63 | 8.19e+03 |  1.10e-02 | 1.40689258e-08
  L  |    2.6 |    8999 |    65 | 8.19e+03 |  1.28e-03 | 1.40414050e-08
  L  |    2.7 |    9199 |    66 | 8.19e+03 |  5.79e-04 | 1.40295866e-08
  L  |    2.8 |    9399 |    68 | 8.19e+03 |  8.12e-04 | 1.51879281e-08
  L  |    2.8 |    9599 |    69 | 8.19e+03 |  6.03e-04 | 1.51684675e-08
  L  |    2.9 |    9799 |    70 | 8.19e+03 |  4.35e-04 | 1.51658789e-08
  L  |    2.9 |    9999 |    72 | 8.19e+03 |  3.54e-04 | 1.51634177e-08
 --- initializing steepest edge multipliers
 --- active pricer: SteepEx
  L  |    3.5 |   10199 |    74 | 8.19e+03 |  5.38e-03 | 1.51458644e-08
  L  |    3.6 |   10399 |    75 | 8.19e+03 |  1.03e-03 | 1.51338594e-08
  L  |    3.7 |   10599 |    77 | 8.19e+03 |  6.90e-05 | 1.51187925e-08
 --- initializing steepest edge multipliers
 --- initializing steepest edge multipliers
  E  |    3.8 |   10730 |    81 | 0.00e+00 |  5.53e+05 | -1.32117673e+01
  E  |    3.8 |   10797 |    81 | 0.00e+00 |  4.87e+05 | -1.32117673e+01
  E  |    3.9 |   10997 |    83 | 0.00e+00 |  2.61e+05 | -1.32117673e+01
  E  |    4.0 |   11197 |    85 | 0.00e+00 |  9.51e+04 | -1.32109786e+01
  E  |    4.0 |   11397 |    87 | 0.00e+00 |  2.82e+04 | -1.32101497e+01
  E  |    4.1 |   11597 |    89 | 0.00e+00 |  2.62e+04 | -1.31826619e+01
  E  |    4.2 |   11797 |    91 | 5.69e-23 |  2.46e+04 | -1.31352052e+01
 --- initializing steepest edge multipliers
 --- initializing steepest edge multipliers
  L  |    5.2 |   11830 |    93 | 4.74e-07 |  0.00e+00 | -1.31285943e+01
 --- initializing steepest edge multipliers
 --- initializing steepest edge multipliers
  E  |    5.2 |   11831 |    95 | 0.00e+00 |  3.97e-08 | -1.31285956e+01
 --- initializing steepest edge multipliers
 --- initializing steepest edge multipliers
  L  |    6.2 |   11832 |    96 | 3.08e-07 |  0.00e+00 | -1.31285956e+01
 --- initializing steepest edge multipliers
 --- initializing steepest edge multipliers
  E  |    6.2 |   11832 |    96 | 0.00e+00 |  1.74e-08 | -1.31285956e+01
  E  |    6.2 |   11834 |    99 | 0.00e+00 |  0.00e+00 | -1.31285956e+01

Floating-point optimal.
Max. bound violation = 8972496090448167/2361183241434822606848
Max. row violation = 8972496090448167/2361183241434822606848
Max. reduced cost violation = 510057757734447061299/2199023255552000000000000000
Max. dual violation = 0
Performing rational reconstruction . . .
Reconstructed solution primal infeasible (1).
Refined floating-point solve . . .

 --- initializing steepest edge multipliers
 --- initializing steepest edge multipliers
  L  |    0.9 |       0 |     1 | 0.00e+00 |  6.85e+00 | 6.61896183e-14
 --- active pricer: Devex
  E  |    1.0 |      92 |     3 | 0.00e+00 |  0.00e+00 | -2.56010509e+08
  E  |    1.0 |      92 |     3 | 0.00e+00 |  0.00e+00 | -2.56010509e+08

Floating-point optimal.
Max. bound violation = 1/18889465931478580854784
Max. row violation = 29560886832333090718780889279/10141204801825835211973625643008000000000000000
Max. reduced cost violation = 551933075498679896218298245951661/309485009821345068724781056000000000000000
Max. dual violation = 0
Performing rational reconstruction . . .
Reconstructed solution primal infeasible (3).
Refined floating-point solve . . .

  L  |    0.0 |       0 |     0 | 3.75e-08 |  0.00e+00 | 7.85801434e-15
  E  |    0.0 |       0 |     0 | 0.00e+00 |  9.47e-09 | 7.85801434e-15
  E  |    0.0 |       1 |     1 | 0.00e+00 |  0.00e+00 | 7.85801434e-15

Floating-point optimal.
Max. bound violation = 93/2596148429267413814265248164610048
Max. row violation = 93/2596148429267413814265248164610048
Max. reduced cost violation = 13805332204579/81129638414606681695789005144064
Max. dual violation = 0
Tolerances reached.
Solved to optimality.

SoPlex status       : problem is solved [optimal]
Solving time (sec)  : 7.40
Iterations          : 11927
Objective value     : -1.31295270e+01


Primal solution (name, value):
X2047	   -1.3129527010133204e+01
X1415	    1.6528632520489503e+00
X1416	   -1.6528632520489503e+00
X551	    1.3712308888721090e+01
X553	    6.8561544443605449e+00
X83	    2.4092000967479998e-05
X307	    1.6718962874191171e-02
X1134	    8.9017414257459027e-01
X1137	    2.0103974505585690e+01
X1142	    2.2793930833844332e+01
X2404	    4.5600001595999999e-07
X2462	    1.6366244451027592e-01
X23	    9.2218996561561115e-02
X130	    2.4650822382391266e-01
X893	    4.9737387090666600e-02
X1141	    1.1173651949302306e+00
X11	    2.8443568644711187e-01
X15	    9.5034828705892194e-02
X20	    3.7999998901799999e-04
X21	    3.7999998901799999e-04
X48	    1.3329303940696130e-01
X57	    7.5999997803599998e-04
X68	    2.3065999901154396e-03
X72	    1.3329303940696130e-01
X99	    3.8841420261655178e-02
X100	    8.0155167278418218e-02
X117	    2.1114266039464340e+00
X144	    4.4990790948472692e-01
X195	    5.3199562754377296e-02
X210	    5.0957796698999767e-02
X211	    3.7163158076680650e-02
X295	    5.2544770593113958e-02
X314	    6.6585428569175917e-02
X319	    5.6199417809195296e-02
X322	    4.0761967735403998e-02
X329	    2.0534000880317652e-01
X336	    9.7845401646154695e+00
X346	    1.4013424330476280e-02
X348	    1.4013424330476280e-02
X349	    1.4013424330476280e-02
X350	    1.4013424330476280e-02
X351	    1.4013424330476280e-02
X352	    1.4013424330476280e-02
X353	    1.4013424330476280e-02
X354	    1.4013424330476280e-02
X355	    1.4013424330476280e-02
X361	    1.0734739630457991e-01
X444	    3.7999999885999997e-07
X448	    1.6444970890105059e-02
X453	    1.1910240108327873e-01
X458	    1.4013424330476280e-02
X469	    9.1200004331771990e-04
X486	    1.3920919774682800e-03
X488	    2.4092000967479998e-05
X492	    4.0761967735403998e-02
X512	    2.2800000198185200e-03
X554	    3.7999999038600000e-06
X579	    5.6935280622483231e-01
X586	    2.1114266039464340e+00
X593	    2.1426963750517056e+00
X595	    6.9525440796821242e-02
X598	    3.5799199165560830e-01
X626	    2.3365268148496828e+01
X635	    2.6422763278893903e-02
X639	    3.8841420261655178e-02
X654	    1.3733752047871431e-01
X660	    1.8239328164211158e-02
X675	    2.4092000967479998e-05
X676	    3.7999998901799999e-04
X689	    1.3129527010133204e+01
X696	    3.0356160601571706e-02
X711	    2.0534000880317652e-01
X713	    8.6237151719881819e-02
X725	    8.4081685982854260e-02
X731	    4.5600001595999999e-07
X733	    3.0356160601571706e-02
X736	    1.8239328164211158e-02
X738	    1.6718962874191171e-02
X832	    2.3065999901154396e-03
X842	    1.2208534209191903e-01
X887	    3.1964743878999119e-01
X897	    2.7015705764076148e-01
X902	    9.0554428836252907e-02
X906	    8.0155167278418218e-02
X916	    8.4081685982854260e-02
X951	    2.3065999901154396e-03
X964	    2.3065999901154396e-03
X967	    4.3451364579941272e+00
X969	    1.2426000169943599e-03
X983	    2.3065999901154396e-03
X985	    2.3065999901154396e-03
X1015	    1.2930995463591843e-01
X1020	    6.6585428569175917e-02
X1028	    4.0761967735403998e-02
X1045	    3.8841420261655178e-02
X1049	    3.7163158076680650e-02
X1054	    1.1400559196998348e+01
X1064	    3.1121694286155394e-01
X1089	    3.8840964261639216e-02
X1091	    3.0356160601571706e-02
X1092	    3.8840964261639216e-02
X1098	    3.8841420261655178e-02
X1100	    1.2898511146293748e-01
X1112	    1.5199999954399999e-06
X1115	    6.4010065068786537e-02
X1118	    6.9525440796821242e-02
X1132	    6.9525440796821242e-02
X1188	    1.2208534209191903e-01
X1189	    1.2208534209191903e-01
X1198	    1.3006018589546978e-01
X1199	    1.3006018589546978e-01
X1219	    1.4013424330476280e-02
X1227	    4.5600001595999999e-07
X1230	    3.7163158076680650e-02
X1231	    3.7163158076680650e-02
X1243	    4.5600001595999999e-07
X1248	    4.1723158116317688e-02
X1301	    3.7999999885999997e-07
X1494	    1.3353399003385731e-02
X1758	    6.6585428569175917e-02
X1768	    1.0598567184795731e-01
X1779	    2.4643722336016936e+00
X1780	    1.3793999748303199e-03
X1802	    1.5085999853909000e-03
X1940	    4.5600001595999999e-07
X2012	    1.4013424330476280e-02
X2083	    2.4092000967479998e-05
X2158	   -2.4213020897980891e-01
X2160	   -2.2195215677045278e-03
X2161	   -1.4474294483638972e+00
X2223	    6.9525440796821242e-02
X2453	    1.9591899782294373e+01
X2455	    5.1207472329131754e-01
X2473	    4.7426600967998618e-02
X2474	    1.4740212838592072e-02
X4560	    7.9710802422444573e-03
X5149	    3.7999999999999995e-01
X5154	    6.9999999999999996e-01
X5586	    9.2146796559237798e-02
X6036	   -7.2200002323319996e-05
X6037	    7.2200002323319996e-05
X6048	    7.2200002323319996e-05
X6053	    8.2459997502259995e-05
X6057	    2.5042000459496000e-04
X6059	    1.0374000249431998e-03
X6061	    2.8423999669019998e-04
X6065	    4.7216633567597995e-04
X4571	   -4.7157218666145473e-02
X6047	    7.2200002323319996e-05
X6074	    3.7999999999999995e-01
X4570	    4.7157218666145473e-02
X5156	    3.7999999999999995e-01
X1011	    5.8807777713475595e-01
X6086	   -1.8724970909923578e-02
X1289	    5.6935280622483231e-01
X16	    3.0356160601571706e-02
X1090	    3.0356160601571706e-02
X40	    1.3329303940696130e-01
X102	    3.0399999908799998e-06
X128	    2.4650822382391266e-01
X437	    6.0974175548278753e-01
X544	    3.7999999885999997e-07
X648	    1.8345009825362288e-01
X710	    1.2208534209191903e-01
X728	    8.4081685982854260e-02
X743	    3.6534846874013813e+00
X830	    9.2218996561561115e-02
X884	    6.0974175548278753e-01
X944	    6.6585428569175917e-02
X1030	    1.8345009825362288e-01
X2171	    1.2208534209191903e-01
X5058	    1.6889617992538287e-02
X5567	    2.2868085043773654e+00
X33	    1.3006018589546978e-01
X45	    1.2208534209191903e-01
X393	    6.0974175548278753e-01
X440	    6.0974175548278753e-01
X493	    2.4092000967479998e-05
X495	    2.4650822382391266e-01
X496	    9.2218996561561115e-02
X568	    1.8344705825363200e-01
X683	    3.7999999885999997e-07
X684	    3.7999999885999997e-07
X702	    1.2208534209191903e-01
X1119	    1.8999999942999999e-07
X2428	   -1.2063253306847447e+01
X157	    6.6585428569175917e-02
X1022	    6.6585428569175917e-02
X1313	    1.1321518441695133e-01
X1577	    2.4638604155530316e-01
X815	    2.0442910652813781e-01
X559	    1.7484116288613200e-02
X37	    1.3329303940696130e-01
X50	    3.7163158076680650e-02
X58	    1.3006018589546978e-01
X66	    2.3065999901154396e-03
X71	    1.3329303940696130e-01
X197	    5.3199562754377296e-02
X341	    4.5315564893840021e-01
X451	    1.0207553552639727e-02
X490	    2.4092000967479998e-05
X517	    2.3054051205635272e+01
X570	    1.5638464552983086e-01
X642	    1.7207759609117193e-01
X697	    3.0356160601571706e-02
X724	    3.7999999885999997e-07
X734	    3.0356160601571706e-02
X746	    6.9197124863210918e-02
X905	    5.3199562754377296e-02
X941	    3.2538704348551929e-03
X1099	    3.8841420261655178e-02
X1105	    3.1121694286155394e-01
X1148	    7.5999997803599998e-04
X1151	    1.3160920333031999e-03
X1154	    2.2800000198185200e-03
X1156	    5.1907943197599996e-05
X1172	    9.1200004331771990e-04
X1252	    8.6237151719881819e-02
X1271	    5.2544770593113958e-02
X1274	    1.6718962874191171e-02
X1303	    3.7999999885999997e-07
X1856	    1.0991209412185688e+01
X2364	    3.7999998901799999e-04
X2424	    1.4013424330476280e-02
X2429	    1.4474294483638972e+00
X2451	    2.3065999901154396e-03
X4562	    9.1124593887251040e-02
X4635	    2.2195215677045278e-03
X5478	    3.7999999038600000e-06
X59	    1.3006018589546978e-01
X81	    1.3006018589546978e-01
X392	    1.3006018589546978e-01
X920	    8.4081685982854260e-02
X4575	   -3.1898434450399172e-03
X1361	    2.4255165650924697e+00
X911	    9.0554428836252907e-02
X1061	    2.1114266039464340e+00
X1116	    4.9307065951524578e-02
X2316	   -2.8026848660952560e-02
X2317	    2.8026848660952560e-02
X1926	    9.2218996561561115e-02
X2027	   -2.4211100382346911e+00
X2466	    4.0531264895464969e-01
X489	    2.4092000967479998e-05
X150	    6.6585428569175917e-02
X1226	    1.8344705825363200e-01
X1352	    9.9014017942999253e+00
X27	    1.2208534209191903e-01
X1333	    1.2208534209191903e-01
X84	    4.5600001595999999e-07
X325	    5.7052670378459902e-01
X698	    3.0356160601571706e-02
X821	    9.2218996561561115e-02
X865	    1.3329303940696130e-01
X1041	    6.4010065068786537e-02
X1106	    3.1121694286155394e-01
X1278	    2.1296951046180052e-01
X1358	    1.3006018589546978e-01
X1929	   -1.0000000000000000e+03
X1986	   -1.0000000000000000e+03
X2468	    4.7603208431982208e-01
X82	    2.4092000967479998e-05
X589	    6.9525440796821242e-02
X602	    1.1888196038049181e-01
X1911	   -1.3006018589546978e-01
X2041	    1.3006018589546978e-01
X1381	    1.3006018589546978e-01
X2329	    3.4280781721802693e+00
X1916	    1.3329303940696130e-01
X147	    6.3117758037461225e-01
X714	    1.1910285708329468e-01
X1384	    8.4081685982854260e-02
X2463	   -1.5602081212097290e-02
X4566	   -4.6564732594493403e-02
X138	    8.4081685982854260e-02
X1029	    1.8345009825362288e-01
X908	    2.6955604524040923e-02
X2025	   -1.4474294483638972e+00
X2028	    2.4035619434291668e+01
X4721	   -1.6889617992538287e-02
X202	    2.7425068277624405e+00
X208	    5.0957796698999767e-02
X214	    1.6596904450039138e-01
X316	    6.6585428569175917e-02
X320	    5.6199417809195296e-02
X330	    1.1184111990700840e-01
X455	    1.0207097552623766e-02
X601	    4.9117193387465806e-02
X659	    1.1987928082612417e-01
X699	    3.0356160601571706e-02
X824	    9.2218996561561115e-02
X868	    1.3329303940696130e-01
X882	    1.2208534209191903e-01
X1042	    6.4010065068786537e-02
X1197	    9.2233780944552327e-02
X1253	    8.6237151719881819e-02
X1276	    1.4412362884075734e-02
X1281	    4.9307065951524578e-02
X1314	    1.1321518441695133e-01
X5157	    3.7999999999999995e-01
X2071	    1.3679999765007999e-03
X5158	    3.7999999999999995e-01
X680	    1.3160920333031999e-03
X2033	    6.7879489437489265e-03
X4578	   -2.3232919833853987e-02
X1179	    8.3289885226324223e-01
X1182	    1.2777677517051558e+00
X358	    1.4013424330476280e-02
X508	    2.7015705764076148e-01
X1218	    1.4013424330476280e-02
X1190	    1.1400559196998348e+01
X1261	    1.0696645456198041e+01
X1268	    5.7385355490483503e-01
X859	    2.3065999901154396e-03
X2328	    1.4013424330476280e-02
X2330	    3.6363032384519993e+00
X4569	    4.7157218666145473e-02
X4587	   -3.9186138423901021e-02
X4586	    3.9186138423901021e-02
X1934	   -9.2218996561561115e-02
X391	    1.1331713102031112e-01
X1943	    2.4092000967479998e-05
X323	    2.0534000880317652e-01
X474	    9.1200004331771990e-04
X993	    6.7879489437489265e-03
X998	    3.2151894632974670e-01
X1066	    2.3365268148496828e+01
X1076	    4.5600001595999999e-07
X1077	    8.4081685982854260e-02
X1979	   -1.8724970909923578e-02
X2402	    4.5600001595999999e-07
X335	    3.0356160601571706e-02
X1992	    1.8724970909923578e-02
X2418	    1.8724970909923578e-02
X1255	    1.3679999765007999e-03
X1958	   -3.0399999908799998e-06
X2142	    3.0399999908799998e-06
X5946	    3.7163158076680650e-02
X587	    1.0392948958933969e+01
X899	    2.7015705764076148e-01
X2000	   -1.4474294483638972e+00
X306	    1.6718962874191171e-02
X499	    2.8027228660951420e-02
X582	    2.8027228660951420e-02
X1025	    4.0761967735403998e-02
X2366	    3.6534843074013823e+00
X4574	   -2.3232919833853987e-02
X1291	    1.8724970909923578e-02
X2432	    1.0991209412185688e+01
X2352	   -1.0598567184795731e-01
X167	    3.9119222360584401e-03
X2702	    5.2610055352516946e-03
X2704	    1.3045358908820713e-02
X2705	    3.1535822877284996e-04
X2729	    5.2610055352516946e-03
X2732	    1.3045358908820713e-02
X2735	    3.1535822877284996e-04
X2789	    3.1535822877284996e-04
X2807	    1.5576526746678919e-03
X2816	    2.2195215677045278e-03
X2831	    1.3168325415991752e-03
X2529	    1.1712962842107084e-02
X4555	   -7.8010406060486448e-03
X4591	   -1.0000000000000000e+03
X5040	    1.0000039119222361e+03
X5080	    3.9119222360584401e-03
X2528	    3.5444255824038394e-02
X207	    3.8840964261639216e-02
X1095	    6.9197124863210918e-02
X312	    6.6585428569175917e-02
X572	    4.0761967735403998e-02
X1839	    4.0762423735419953e-02
X506	    2.7015705764076148e-01
X5155	    2.0519999999999999e-01
X6107	    4.5231574459323036e-06
X6112	    2.0706046139828066e-06
X6117	    6.4304193212676334e-07
X6118	    1.3841301930162285e-07
X6122	    8.6353304525080737e-08
X6123	    5.1424499938333323e-09
X6125	    3.3152100073785615e-06
X6126	    1.0949599769934696e-08
X6128	    1.4832225029005508e-07
X6132	    2.7185297381891374e-06
X6140	    1.8038231828577384e-06
X6141	    1.0202915755105409e-06
X6143	    2.2981714785492259e-07
X6144	    7.2834363591177250e-07
X6145	    6.0829155823459360e-08
X6146	    1.7182381479603419e-05
X6148	    3.5661616336208708e-07
X6151	    1.0284899987666665e-08
X6152	    7.1150946762659466e-07
X6154	    1.3528199322353380e-12
X6155	    1.3528199322353380e-12
X6158	    2.6755433340777387e-07
X6160	    9.7389777360429674e-09
X6162	    1.4320428321924031e-06
X6165	    1.0251624144018468e-05
X6168	    5.4747998849673482e-09
X6169	    1.6301567606200852e-10
X6170	    6.9607136685466382e-11
X6171	    2.4274161224855621e-06
X6179	    8.8265397078273947e-06
X6180	    1.6115853738517948e-07
X6182	    1.3816529081861021e-09
X6184	    1.8214904656021365e-05
X6190	    1.4286718473996526e-05
X6193	    4.0457378464806494e-05
X6196	    3.3365748405894544e-08
X6198	    2.7935458432058209e-06
X6199	    5.5870916864116419e-06
X6202	    1.0003648671269299e-06
X6203	    2.0284161340617964e-06
X6209	    5.9311914806110763e-06
X6212	    6.3071388079506695e-08
X6218	    2.2021605497454656e-07
X6220	    1.8718364672836458e-06
X6224	    1.1702271992601546e-06
X6227	    3.2685372763450967e-06
X6228	    4.2353374334251772e-06
X6229	    8.3463357382616115e-07
X6232	    1.4599128914386280e-05
X6242	    1.1489077032826947e-06
X6247	    2.3000992299137197e-06
X6266	    1.6556395377598096e-06
X6267	    8.2781976887990478e-07
X6269	    8.2781976887990478e-07
X6278	    6.0854462568895073e-07
X6279	    3.0961042359613283e-06
X6280	    2.1082995511546190e-06
X6283	    2.0372353346446740e-07
X6284	    1.8021697191087497e-06
X6285	    2.1827521442621505e-06
X6288	    2.0177417580776846e-06
X6289	    2.3728643074993568e-06
X6291	    9.3992963518895508e-07
X6292	    9.5483606638775177e-08
X6293	    3.2204418811370712e-07
X6295	    1.5481984790715689e-07
X6296	    9.0117950730837985e-07
X6299	    4.0862268718572478e-08
X6300	    1.6776237679751670e-06
X6302	    8.6067714410969399e-06
X6303	    8.6067714410969399e-06
X6304	    2.5820314323290821e-05
X6305	    8.6067714410969399e-06
X6306	    8.6067714410969399e-06
X6307	    8.6067714410969399e-06
X6308	    8.6067714410969399e-06
X6309	    8.6067714410969399e-06
X6310	    2.5820314323290821e-05
X6311	    8.6067714410969399e-06
X6312	    8.6067714410969399e-06
X6313	    1.7213542882193880e-05
X6314	    8.6067714410969399e-06
X6315	    8.6067714410969399e-06
X6326	    1.7083248670296833e-07
X6329	    9.4820178874305299e-08
X6331	    1.8964035774861060e-07
X6332	    6.3689764927412828e-06
X6333	    3.7928071549722120e-07
X6336	    9.4820178874305299e-08
X6339	    1.7299410770034084e-06
X6340	    1.7299410770034084e-06
X6358	    3.3133664041026646e-08
X6359	    3.1261699141193538e-05
X6360	    8.9827815415778572e-07
X6363	    4.5229536012231441e-07
X6365	    1.7270661352326277e-10
X6367	    3.0723151122123511e-07
X6370	    5.0114604005207964e-08
X6372	    1.9860853261210251e-07
X6374	    2.3195174440838607e-06
X6377	    3.1844882463706414e-06
X6378	    3.1844882463706414e-06
X6383	    1.5042404496039486e-04
X6386	    2.0658083956886839e-10
X6387	    1.4222206087022815e-09
X6393	    1.2777655831834454e-08
X6394	    1.6301567606200852e-10
X6395	    3.2603135212401703e-10
X6396	    1.7349403830033063e-06
X6397	    3.6115696898563422e-06
X6400	    1.8059042404307090e-05
X6404	    4.0220843873800874e-07
X6407	    1.8279857888797962e-06
X6411	    2.1878788068965593e-09
X6415	    1.0580361664421984e-05
X6428	    1.7270661352326277e-10
X6430	    1.7535866037052791e-06
X6431	    1.7535866037052791e-06
X6432	    1.7535866037052791e-06
X6433	    1.7535866037052791e-06
X6442	    1.7535866037052791e-06
X6443	    1.7535866037052791e-06
X6444	    1.7535866037052791e-06
X6445	    1.7535866037052791e-06
X6446	    1.7535866037052791e-06
X6447	    1.7535866037052791e-06
X6448	    9.0463148918646072e-06
X6449	    9.0463148918646072e-06
X6450	    4.5231574459323036e-06
X6451	    9.0463148918646072e-06
X6452	    9.0463148918646072e-06
X6453	    4.5231574459323036e-06
X6454	    9.0463148918646072e-06
X6455	    4.5231574459323036e-06
X6456	    9.0463148918646072e-06
X6457	    9.0463148918646072e-06
X6458	    2.5712250061730768e-11
X6461	    1.9709941135842338e-06
X6466	    3.5211783639602849e-08
X6467	    3.7577748033608732e-08
X6471	    1.2177984147553544e-07
X6475	    8.0459497543085122e-07
X6476	    2.2526355261207553e-06
X6477	    9.4087134981453240e-07
X6481	    1.6155250446818415e-05
X6483	    9.4087134981453240e-07
X6486	    2.3002217898494977e-07
X6489	    3.7032804538168662e-06
X6490	    8.3657675823309044e-06
X6504	    8.5045995176521021e-05
X6511	    1.1621122738402411e-08
X6514	    9.0907487678177915e-07
X6517	    9.6521974093721138e-07
X6519	    3.6327492508136295e-06
X6521	    9.3612166282253095e-08
X6522	    1.8722433256450619e-07
X6523	    9.8133276512121696e-08
X6525	    2.4533319128030424e-08
X6529	    1.7334142585208211e-05
X6530	    1.1910067536859884e-06
X6539	    5.4747998849673487e-08
X6540	    8.6353304525080737e-08
X6544	    2.5712250635113956e-12
X6545	    2.1963463038609865e-05
X6549	    9.7098830207047549e-07
X6550	    1.8415295384095224e-08
X6551	    1.4401174817225028e-06
X6552	    8.0106534920814223e-08
X6554	    8.2607603267324127e-07
X6556	    2.0886201150247269e-05
X6559	    7.5804624174720970e-07
X6560	    9.3064743267505216e-07
X6561	    6.5962394632759840e-07
X6562	    1.3095800258001151e-06
X6564	    2.4332531698473175e-08
X6565	    5.1345259122813578e-06
X6572	    1.8512821160769227e-11
X6573	    8.6353306761631383e-11
X6574	    1.9107188538144134e-05
X6576	    3.6849861224695656e-05
X6579	    1.2341880773846153e-11
X6580	    6.1620411477549405e-07
X6581	    3.2042613968325690e-09
X6583	    9.1679162730161908e-07
X6586	    1.4832523303552614e-06
X6588	    1.6986374320426453e-06
X6592	    4.6009867614719480e-07
X6593	    4.6009867614719480e-07
X6597	    2.0956356113738325e-05
X6599	    3.5773031342071543e-07
X6600	    8.8017527949974961e-07
X6601	    8.8017527949974961e-07
X6602	    1.2950768266014586e-07
X6606	    3.0903563812236368e-07
X6607	    3.0903563812236368e-07
X6613	    3.3664204259419049e-08
X6617	    1.4756026872792376e-07
X6620	    9.4820178874305299e-08
X6621	    3.7519522203440961e-07
X6624	    5.5486700149419016e-05
X6626	    3.5093582194877508e-07
X6627	    6.2251961223963027e-08
X6631	    9.5455591386127821e-08
X6633	    1.4556701534724258e-07
X6634	    1.4258289153262410e-06
X6636	    2.4178727241554091e-05
X6638	    1.2370929612482549e-06
X6642	    3.5219401095110912e-07
X6643	    1.8112834848914183e-06
X6647	    8.1777167013556433e-08
X6649	    6.9386687163017579e-08
X6652	    4.0048215980194442e-07
X6653	    1.5122636236091566e-09
X6656	    8.1467910016883481e-09
X6664	    3.8042881781417841e-08
X6665	    7.2115297608218387e-06
X6673	    6.8914362694897884e-09
X6674	    4.2714814631767405e-07
X6676	    7.2728942254623139e-06
X6679	    4.3126016115191341e-07
X6681	    8.5712950055172257e-08
X6684	    1.5366614820886424e-05
X6686	    3.5855434582068332e-07
X6691	    1.1205004941099542e-08
X6692	    1.1205004941099542e-08
X6695	    1.9523465210884879e-06
X6697	    1.0269051824562716e-05
X6700	    8.0764587898198576e-06
X6703	    9.2952365274420758e-07
X6705	    9.6901220954063395e-06
X6706	    1.0562918746640809e-07
X6708	    2.5608284291549264e-06
X6709	    4.5914777034284082e-06
X6710	    6.4810405242101865e-06
X6711	    2.4315860482103970e-06
X6717	    2.6281279236864142e-07
X6718	    6.3075070168473943e-08
X6719	    2.5576513253593586e-08
X6720	    1.0512635113553395e-06
X6721	    2.2437533122718562e-07
X6722	    2.2437533122718562e-07
X6726	    7.0722663728854502e-05
X6727	    2.7605611178195731e-05
X6731	    9.9654934138578312e-12
X6732	    5.4931853491731897e-07
X6733	    2.3874471281319242e-07
X6735	    1.3104993800988130e-06
X6736	    4.3176653380815691e-11
X6741	    1.5660471026775199e-06
X6742	    3.1119816334908215e-06
X6743	    3.1119816334908215e-06
X6744	    7.7799540837270537e-07
X6745	    3.8899770418635264e-06
X6746	    1.0370801864057527e-05
X6750	    8.6353304525080739e-07
X6751	    8.6353304525080737e-08
X6753	    1.5427724491442235e-08
X6756	    1.4066736171556979e-07
X6758	    1.0375037300170069e-07
X6761	    6.8546734626077462e-07
X6762	    1.6521520653464825e-06
X6770	    2.4963558945106756e-06
X6778	    6.3689764927412828e-06
X6779	    4.4824084558762507e-07
X6780	    7.3666453185352869e-07
X6782	    7.3666453185352869e-07
X6783	    7.3666453185352869e-07
X6784	    7.3666453185352869e-07
X6786	    1.9291917842885771e-12
X6789	    2.6151851979886383e-08
X6790	    2.6151851979886383e-08
X6797	    1.3225558962463066e-07
X6799	    2.7418103793135117e-06
X6801	    3.4921402060345560e-08
X6804	    8.6853104131522568e-05
X6806	    1.7291722662676392e-05
X6807	    2.4012065804518846e-06
X6808	    2.1922725645937355e-06
X6809	    2.8703867379186472e-06
X6811	    1.1314423346364336e-06
X6816	    3.6266508388231190e-08
X6820	    1.7270661352326277e-10
X6822	    8.0222221981555550e-14
X6839	    2.5727646261476804e-05
X6848	    4.0470908482275923e-06
X6859	    6.6996664562570711e-05
X6862	    8.8003687037532968e-07
X6865	    1.6411971060098619e-05
X6869	    1.6671420190707835e-06
X6873	    8.8003687037532968e-07
X6874	    5.6892878692102232e-07
X6880	    6.9294725886814138e-06
X6910	    2.2554007109875566e-07
X6916	    8.0736468434658106e-11
X6919	    2.5712250635113956e-12
X6937	    1.0214302297636901e-08
X6952	    4.5054242977718744e-07
X6953	    9.0191159142886920e-07
X6955	    7.1713951748973949e-07
X6961	    1.6674883347020005e-05
X6962	    1.9541310272152128e-08
X6974	    2.7581412071687288e-07
X6975	    3.0288461546628903e-07
X6985	    7.5082122926518828e-05
X6987	    6.1709403869230764e-12
X6996	    2.0569800508091165e-11
X7003	    3.7487018781588786e-12
X7005	    1.1753571932445582e-06
X7006	    4.3338810083838125e-06
X7007	    4.3338810083838125e-06
X7017	    1.0716267846630357e-05
X7026	    6.0044552362036145e-06
X7028	    1.2600168475215807e-07
X7031	    1.4471760546272628e-09
X7032	    1.5770758640582470e-09
X7036	    2.7492867267266178e-07
X7037	    1.3518587556302600e-07
X7038	    2.2016929580572884e-08
X7040	    1.1428160322586447e-07
X7043	    2.6514837252639576e-07
X7079	    4.1174487196237097e-10
X7198	    3.6684702451173547e-07
X7249	    2.2523931765837532e-09
X7250	    6.6337609090462812e-09
X7251	    1.9232763308809825e-09
X2102	    1.9591899782294373e+01
X2080	    2.4092000967479998e-05
X1465	    1.3129527010133204e+01
X943	    3.2538704348551929e-03
X1058	    5.6935280622483231e-01
X1097	    1.6718962874191171e-02
X6301	    8.6067714410969399e-06
X2164	    3.5852588974498262e-01
X2093	    1.4013424330476280e-02
X2095	   -9.9998989849790553e+02
X4576	    2.3232919833853987e-02
X2356	    3.7999999885999997e-07
X4583	    1.9979049398998791e-02
X863	    1.4013424330476280e-02
X1272	    1.1374136433719453e+01
X1222	    2.5110179863664177e+00
X2084	   -2.4092000967479998e-05
X2144	   -2.4092000967479998e-05
X826	    2.8027228660951420e-02
X2087	   -2.7015705764076148e-01
X2301	   -2.7015705764076148e-01
X1068	    2.3054051205635272e+01
X2106	    3.7999999885999997e-07
X1516	    3.7999999885999997e-07
X1264	    7.0391374080030478e-01
X2235	    1.0000000000000000e+03
X4572	    1.8621722672845259e-02
X4620	    7.8010406060486448e-03
X5148	    3.7999999885999997e-07
X1073	    2.7015705764076148e-01
X1996	    1.4474294483638972e+00
X2173	   -8.4081685982854260e-02
X1987	   -2.4255165650924697e+00
X2388	    1.4013424330476280e-02
X4585	    3.2538704348551929e-03
X1149	    3.7999998901799999e-04
X1513	    1.1932000177079998e-05
X6075	    3.7999999999999995e-01
X2387	    1.4013424330476280e-02
X1840	    4.4763157906807349e-02
X5171	    3.7999999999999995e-01
X2422	   -1.1321518441695133e-01
X2141	    1.3353399003385731e-02
X2194	   -1.1932000177079998e-05
X2355	   -1.3793999748303199e-03
X2383	   -1.5085999853909000e-03
X2393	   -4.4763157906807349e-02
X5101	    1.3950592261129623e-03
X5117	    3.1535822877284996e-04
X5131	    1.3168325415991752e-03
X5173	    3.7999999999999995e-01
X2145	   -2.4548000983440000e-05
X2002	    2.4035619434291668e+01
X2101	    1.9591899782294373e+01
X4611	   -2.2195215677045278e-03
X5083	    2.2195215677045278e-03
X2146	    2.4548000983440000e-05
X4302	    2.2195215677045278e-03
X2339	   -3.6363032384519993e+00
X4552	    4.1020619588062933e-02
X4616	    6.4059813799356826e-03
X2446	    3.7999999999999995e-01
X2447	    3.7999999999999995e-01
X2713	    6.4059813799356826e-03
X2715	    1.3950592261129623e-03
X2743	    6.4059813799356826e-03
X2749	    1.3950592261129623e-03
X4554	    1.3345153612479109e-02
X4618	    1.3950592261129623e-03
X2905	    5.2610055352516946e-03
X2907	    1.0170873692553647e-02
X2913	    6.4059813799356826e-03
X2917	    1.3950592261129623e-03
X2933	    5.2610055352516946e-03
X2934	    6.9170032576984534e-03
X2937	    6.4059813799356826e-03
X2939	    1.3950592261129623e-03
X2942	    3.2538704348551929e-03
X2978	    5.2610055352516946e-03
X2986	    6.4059813799356826e-03
X2990	    1.3950592261129623e-03
X2993	    5.2610055352516946e-03
X2997	    6.4059813799356826e-03
X2999	    1.3950592261129623e-03
X3001	    5.2610055352516946e-03
X3005	    6.4059813799356826e-03
X3007	    1.3950592261129623e-03
X2755	    2.8744852162670672e-03
X2757	    3.1535822877284996e-04
X4619	    7.8010406060486448e-03
X4808	    6.4059813799356826e-03
X4810	    1.3950592261129623e-03
X4599	    2.2195215677045278e-03
X5123	    1.5576526746678919e-03
X4763	    2.2195215677045278e-03
X4633	   -2.2195215677045278e-03
X2953	    5.2610055352516946e-03
X2954	    3.8275718512379465e-03
X2957	    6.4059813799356826e-03
X2959	    1.3950592261129623e-03
X4818	    5.2610055352516946e-03
X4819	    3.8275718512379465e-03
X5087	    3.0894314064605069e-03
X4822	    6.4059813799356826e-03
X4824	    1.3950592261129623e-03
X4602	   -3.2538704348551929e-03
X4826	    5.2610055352516946e-03
X4827	    3.8275718512379465e-03
X4830	    6.4059813799356826e-03
X4832	    1.3950592261129623e-03
X5105	    3.8275718512379465e-03
X5095	    5.2610055352516946e-03
X5099	    6.4059813799356826e-03
X5072	    3.2538704348551929e-03
X5081	    2.5862040244974600e-03
X5094	    2.2613040721042397e-03
X5103	    9.7975403014570386e-03
X5112	    2.6331340456380000e-03
X5145	    2.6056980048305596e-03
X6055	    4.9020001664741998e-04
X6076	   -8.2459997502259995e-05
X6069	   -4.9020001664741998e-04
X6070	   -2.5042000459496000e-04
X6071	   -1.0374000249431998e-03
X6072	   -2.8423999669019998e-04
X6073	   -4.7216633567597995e-04
X7256	    4.5231574459323036e-06
X7261	    2.0706046139828066e-06
X7266	    6.4304193212676334e-07
X7267	    1.3841301930162285e-07
X7271	    8.6353304525080737e-08
X7272	    5.1424499938333323e-09
X7274	    3.3152100073785615e-06
X7275	    1.0949599769934696e-08
X7277	    1.4832225029005508e-07
X7281	    2.7185297381891374e-06
X7289	    1.8038231828577384e-06
X7290	    1.0202915755105409e-06
X7292	    2.2981714785492259e-07
X7293	    7.2834363591177250e-07
X7294	    6.0829155823459360e-08
X7295	    1.7182381479603419e-05
X7297	    3.5661616336208708e-07
X7300	    1.0284899987666665e-08
X7301	    7.1150946762659466e-07
X7303	    1.3528199322353380e-12
X7304	    1.3528199322353380e-12
X7307	    2.6755433340777387e-07
X7309	    9.7389777360429674e-09
X7311	    1.4320428321924031e-06
X7314	    1.0251624144018468e-05
X7317	    5.4747998849673482e-09
X7318	    1.6301567606200852e-10
X7319	    6.9607136685466382e-11
X7320	    2.4274161224855621e-06
X7328	    8.8265397078273947e-06
X7329	    1.6115853738517948e-07
X7331	    1.3816529081861021e-09
X7333	    1.8214904656021365e-05
X7339	    1.4286718473996526e-05
X7342	    4.0457378464806494e-05
X7345	    3.3365748405894544e-08
X7347	    2.7935458432058209e-06
X7348	    5.5870916864116419e-06
X7351	    1.0003648671269299e-06
X7352	    2.0284161340617964e-06
X7358	    5.9311914806110763e-06
X7361	    6.3071388079506695e-08
X7367	    2.2021605497454656e-07
X7369	    1.8718364672836458e-06
X7373	    1.1702271992601546e-06
X7376	    3.2685372763450967e-06
X7377	    4.2353374334251772e-06
X7378	    8.3463357382616115e-07
X7381	    1.4599128914386280e-05
X7391	    1.1489077032826947e-06
X7396	    2.3000992299137197e-06
X7415	    1.6556395377598096e-06
X7416	    8.2781976887990478e-07
X7418	    8.2781976887990478e-07
X7427	    6.0854462568895073e-07
X7428	    3.0961042359613283e-06
X7429	    2.1082995511546190e-06
X7432	    2.0372353346446740e-07
X7433	    1.8021697191087497e-06
X7434	    2.1827521442621505e-06
X7437	    2.0177417580776846e-06
X7438	    2.3728643074993568e-06
X7440	    9.3992963518895508e-07
X7441	    9.5483606638775177e-08
X7442	    3.2204418811370712e-07
X7444	    1.5481984790715689e-07
X7445	    9.0117950730837985e-07
X7448	    4.0862268718572478e-08
X7449	    1.6776237679751670e-06
X7450	    8.6067714410969399e-06
X7451	    8.6067714410969399e-06
X7452	    8.6067714410969399e-06
X7453	    2.5820314323290821e-05
X7454	    8.6067714410969399e-06
X7455	    8.6067714410969399e-06
X7456	    8.6067714410969399e-06
X7457	    8.6067714410969399e-06
X7458	    8.6067714410969399e-06
X7459	    2.5820314323290821e-05
X7460	    8.6067714410969399e-06
X7461	    8.6067714410969399e-06
X7462	    1.7213542882193880e-05
X7463	    8.6067714410969399e-06
X7464	    8.6067714410969399e-06
X7475	    1.7083248670296833e-07
X7478	    9.4820178874305299e-08
X7480	    1.8964035774861060e-07
X7481	    6.3689764927412828e-06
X7482	    3.7928071549722120e-07
X7485	    9.4820178874305299e-08
X7488	    1.7299410770034084e-06
X7489	    1.7299410770034084e-06
X7507	    3.3133664041026646e-08
X7508	    3.1261699141193538e-05
X7509	    8.9827815415778572e-07
X7512	    4.5229536012231441e-07
X7514	    1.7270661352326277e-10
X7516	    3.0723151122123511e-07
X7519	    5.0114604005207964e-08
X7521	    1.9860853261210251e-07
X7523	    2.3195174440838607e-06
X7526	    3.1844882463706414e-06
X7527	    3.1844882463706414e-06
X7532	    1.5042404496039486e-04
X7535	    2.0658083956886839e-10
X7536	    1.4222206087022815e-09
X7542	    1.2777655831834454e-08
X7543	    1.6301567606200852e-10
X7544	    3.2603135212401703e-10
X7545	    1.7349403830033063e-06
X7546	    3.6115696898563422e-06
X7549	    1.8059042404307090e-05
X7553	    4.0220843873800874e-07
X7556	    1.8279857888797962e-06
X7560	    2.1878788068965593e-09
X7564	    1.0580361664421984e-05
X7577	    1.7270661352326277e-10
X7579	    1.7535866037052791e-06
X7580	    1.7535866037052791e-06
X7581	    1.7535866037052791e-06
X7582	    1.7535866037052791e-06
X7591	    1.7535866037052791e-06
X7592	    1.7535866037052791e-06
X7593	    1.7535866037052791e-06
X7594	    1.7535866037052791e-06
X7595	    1.7535866037052791e-06
X7596	    1.7535866037052791e-06
X7597	    9.0463148918646072e-06
X7598	    9.0463148918646072e-06
X7599	    4.5231574459323036e-06
X7600	    9.0463148918646072e-06
X7601	    9.0463148918646072e-06
X7602	    4.5231574459323036e-06
X7603	    9.0463148918646072e-06
X7604	    4.5231574459323036e-06
X7605	    9.0463148918646072e-06
X7606	    9.0463148918646072e-06
X7607	    2.5712250061730768e-11
X7610	    1.9709941135842338e-06
X7615	    3.5211783639602849e-08
X7616	    3.7577748033608732e-08
X7620	    1.2177984147553544e-07
X7624	    8.0459497543085122e-07
X7625	    2.2526355261207553e-06
X7626	    9.4087134981453240e-07
X7630	    1.6155250446818415e-05
X7632	    9.4087134981453240e-07
X7635	    2.3002217898494977e-07
X7638	    3.7032804538168662e-06
X7639	    8.3657675823309044e-06
X7653	    8.5045995176521021e-05
X7660	    1.1621122738402411e-08
X7663	    9.0907487678177915e-07
X7666	    9.6521974093721138e-07
X7668	    3.6327492508136295e-06
X7670	    9.3612166282253095e-08
X7671	    1.8722433256450619e-07
X7672	    9.8133276512121696e-08
X7674	    2.4533319128030424e-08
X7678	    1.7334142585208211e-05
X7679	    1.1910067536859884e-06
X7688	    5.4747998849673487e-08
X7689	    8.6353304525080737e-08
X7693	    2.5712250635113956e-12
X7694	    2.1963463038609865e-05
X7698	    9.7098830207047549e-07
X7699	    1.8415295384095224e-08
X7700	    1.4401174817225028e-06
X7701	    8.0106534920814223e-08
X7703	    8.2607603267324127e-07
X7705	    2.0886201150247269e-05
X7708	    7.5804624174720970e-07
X7709	    9.3064743267505216e-07
X7710	    6.5962394632759840e-07
X7711	    1.3095800258001151e-06
X7713	    2.4332531698473175e-08
X7714	    5.1345259122813578e-06
X7721	    1.8512821160769227e-11
X7722	    8.6353306761631383e-11
X7723	    1.9107188538144134e-05
X7725	    3.6849861224695656e-05
X7728	    1.2341880773846153e-11
X7729	    6.1620411477549405e-07
X7730	    3.2042613968325690e-09
X7732	    9.1679162730161908e-07
X7735	    1.4832523303552614e-06
X7737	    1.6986374320426453e-06
X7741	    4.6009867614719480e-07
X7742	    4.6009867614719480e-07
X7746	    2.0956356113738325e-05
X7748	    3.5773031342071543e-07
X7749	    8.8017527949974961e-07
X7750	    8.8017527949974961e-07
X7751	    1.2950768266014586e-07
X7755	    3.0903563812236368e-07
X7756	    3.0903563812236368e-07
X7762	    3.3664204259419049e-08
X7766	    1.4756026872792376e-07
X7769	    9.4820178874305299e-08
X7770	    3.7519522203440961e-07
X7773	    5.5486700149419016e-05
X7775	    3.5093582194877508e-07
X7776	    6.2251961223963027e-08
X7780	    9.5455591386127821e-08
X7782	    1.4556701534724258e-07
X7783	    1.4258289153262410e-06
X7785	    2.4178727241554091e-05
X7787	    1.2370929612482549e-06
X7791	    3.5219401095110912e-07
X7792	    1.8112834848914183e-06
X7796	    8.1777167013556433e-08
X7798	    6.9386687163017579e-08
X7801	    4.0048215980194442e-07
X7802	    1.5122636236091566e-09
X7805	    8.1467910016883481e-09
X7813	    3.8042881781417841e-08
X7814	    7.2115297608218387e-06
X7822	    6.8914362694897884e-09
X7823	    4.2714814631767405e-07
X7825	    7.2728942254623139e-06
X7828	    4.3126016115191341e-07
X7830	    8.5712950055172257e-08
X7833	    1.5366614820886424e-05
X7835	    3.5855434582068332e-07
X7840	    1.1205004941099542e-08
X7841	    1.1205004941099542e-08
X7844	    1.9523465210884879e-06
X7846	    1.0269051824562716e-05
X7849	    8.0764587898198576e-06
X7852	    9.2952365274420758e-07
X7854	    9.6901220954063395e-06
X7855	    1.0562918746640809e-07
X7857	    2.5608284291549264e-06
X7858	    4.5914777034284082e-06
X7859	    6.4810405242101865e-06
X7860	    2.4315860482103970e-06
X7866	    2.6281279236864142e-07
X7867	    6.3075070168473943e-08
X7868	    2.5576513253593586e-08
X7869	    1.0512635113553395e-06
X7870	    2.2437533122718562e-07
X7871	    2.2437533122718562e-07
X7875	    7.0722663728854502e-05
X7876	    2.7605611178195731e-05
X7880	    9.9654934138578312e-12
X7881	    5.4931853491731897e-07
X7882	    2.3874471281319242e-07
X7884	    1.3104993800988130e-06
X7885	    4.3176653380815691e-11
X7890	    1.5660471026775199e-06
X7891	    3.1119816334908215e-06
X7892	    3.1119816334908215e-06
X7893	    7.7799540837270537e-07
X7894	    3.8899770418635264e-06
X7895	    1.0370801864057527e-05
X7899	    8.6353304525080739e-07
X7900	    8.6353304525080737e-08
X7902	    1.5427724491442235e-08
X7905	    1.4066736171556979e-07
X7907	    1.0375037300170069e-07
X7910	    6.8546734626077462e-07
X7911	    1.6521520653464825e-06
X7919	    2.4963558945106756e-06
X7927	    6.3689764927412828e-06
X7928	    4.4824084558762507e-07
X7929	    7.3666453185352869e-07
X7931	    7.3666453185352869e-07
X7932	    7.3666453185352869e-07
X7933	    7.3666453185352869e-07
X7935	    1.9291917842885771e-12
X7938	    2.6151851979886383e-08
X7939	    2.6151851979886383e-08
X7946	    1.3225558962463066e-07
X7948	    2.7418103793135117e-06
X7950	    3.4921402060345560e-08
X7953	    8.6853104131522568e-05
X7955	    1.7291722662676392e-05
X7956	    2.4012065804518846e-06
X7957	    2.1922725645937355e-06
X7958	    2.8703867379186472e-06
X7960	    1.1314423346364336e-06
X7965	    3.6266508388231190e-08
X7969	    1.7270661352326277e-10
X7971	    8.0222221981555550e-14
X7988	    2.5727646261476804e-05
X7997	    4.0470908482275923e-06
X8008	    6.6996664562570711e-05
X8011	    8.8003687037532968e-07
X8014	    1.6411971060098619e-05
X8018	    1.6671420190707835e-06
X8022	    8.8003687037532968e-07
X8023	    5.6892878692102232e-07
X8029	    6.9294725886814138e-06
X8059	    2.2554007109875566e-07
X8065	    8.0736468434658106e-11
X8068	    2.5712250635113956e-12
X8086	    1.0214302297636901e-08
X8101	    4.5054242977718744e-07
X8102	    9.0191159142886920e-07
X8104	    7.1713951748973949e-07
X8110	    1.6674883347020005e-05
X8111	    1.9541310272152128e-08
X8123	    2.7581412071687288e-07
X8124	    3.0288461546628903e-07
X8134	    7.5082122926518828e-05
X8136	    6.1709403869230764e-12
X8145	    2.0569800508091165e-11
X8152	    3.7487018781588786e-12
X8154	    1.1753571932445582e-06
X8155	    4.3338810083838125e-06
X8156	    4.3338810083838125e-06
X8166	    1.0716267846630357e-05
X8175	    6.0044552362036145e-06
X8177	    1.2600168475215807e-07
X8180	    1.4471760546272628e-09
X8181	    1.5770758640582470e-09
X8185	    2.7492867267266178e-07
X8186	    1.3518587556302600e-07
X8187	    2.2016929580572884e-08
X8189	    1.1428160322586447e-07
X8192	    2.6514837252639576e-07
X8228	    4.1174487196237097e-10
X8347	    3.6684702451173547e-07
X8398	    2.2523931765837532e-09
X8399	    6.6337609090462812e-09
X8400	    1.9232763308809825e-09
X8953	    4.5231574459323036e-06
X8413	    2.0706046139828066e-06
X8417	    6.4304193212676334e-07
X8418	    1.3841301930162285e-07
X8422	    8.6353304525080737e-08
X8423	    2.5712249969166662e-09
X8425	    4.5128546197642333e-07
X8531	    1.2063195417128573e-06
X8889	    5.4747998849673482e-09
X8893	    5.4747998849673482e-09
X8429	    2.2688003714265078e-08
X9438	    1.1895454189230675e-08
X9673	    3.9577667241531784e-08
X8435	    1.3592648690945687e-06
X8439	    9.0191159142886920e-07
X8473	    9.0191159142886920e-07
X8442	    5.1014578775527044e-07
X9708	    1.1490857392746129e-07
X8450	    1.3528673871433037e-07
X9218	    9.3598340527225498e-08
X9262	    1.3528673871433037e-07
X10386	    3.0414577911729680e-08
X8447	    1.7182381479603419e-05
X8452	    3.5661616336208708e-07
X8459	    5.1424499938333323e-09
X8460	    1.4230189352531891e-07
X8461	    1.4230189352531891e-07
X8483	    1.4230189352531891e-07
X9595	    1.4230189352531891e-07
X9596	    1.4230189352531891e-07
X9080	    1.3528199322353380e-12
X8468	    1.3377716670388693e-07
X8470	    4.8694888680214837e-09
X8474	    7.1602141609620153e-07
X9534	    2.5629060360046171e-06
X8484	    5.4747998849673482e-09
X8485	    1.6301567606200852e-10
X8486	    3.4803568342733191e-11
X9647	    2.4274161224855621e-06
X8500	    8.8265397078273947e-06
X8501	    8.0579268692589740e-08
X8503	    6.9082645409305106e-10
X9303	    1.8214904656021365e-05
X8518	    1.4286718473996526e-05
X8529	    2.6551339300761563e-05
X9227	    1.3906039164044932e-05
X8539	    8.3414371014736359e-09
X8545	    2.7935458432058209e-06
X8548	    3.3345495570897662e-07
X8551	    9.1278726032780844e-07
X9341	    1.1156288737339881e-06
X8558	    2.9655957403055382e-06
X8568	    2.6469559289569214e-08
X10697	    2.1338341690470615e-09
X10715	    1.0539672656228613e-08
X10724	    1.5018130265806990e-08
X10739	    8.9101916988548180e-09
X8596	    2.2021605497454656e-07
X8598	    4.6795911682091144e-07
X8603	    1.1696437649267425e-06
X10269	    5.8343433341223798e-10
X8608	    7.0687578637082859e-07
X8609	    9.2739285180171977e-07
X8611	    2.1176687167125886e-06
X8612	    4.1731678691308057e-07
X8615	    1.4599128914386280e-05
X10377	    2.8722692582067368e-07
X10379	    5.7502480747842993e-07
X8696	    4.1390988443995239e-07
X9666	    4.1390988443995239e-07
X8706	    3.0427231284447536e-07
X8707	    1.5480521179806641e-06
X9135	    5.6024743317395469e-07
X8712	    5.0930883366116850e-08
X8714	    4.5054242977718744e-07
X8716	    2.1827521442621505e-06
X8719	    1.0088708790388423e-06
X8720	    1.1864321537496784e-06
X8722	    7.4959096687250856e-08
X8761	    8.6497053850170422e-07
X8723	    9.5483606638775177e-08
X8725	    1.6102209405685356e-07
X8729	    7.7409923953578444e-08
X8730	    4.5058975365418993e-07
X9625	    4.0862268718572478e-08
X8735	    2.7960396132919450e-07
X8736	    8.6067714410969399e-06
X8741	    1.7083248670296833e-07
X8746	    9.4820178874305299e-08
X8748	    9.4820178874305299e-08
X8749	    9.4820178874305299e-08
X8750	    3.1844882463706414e-06
X8751	    3.1844882463706414e-06
X8752	    9.4820178874305299e-08
X8753	    9.4820178874305299e-08
X8754	    9.4820178874305299e-08
X8755	    9.4820178874305299e-08
X8758	    9.4820178874305299e-08
X8791	    1.6566832020513323e-08
X8792	    7.8154247852983845e-06
X8793	    4.4913907707889286e-07
X8840	    4.4913907707889286e-07
X8837	    2.2614768006115721e-07
X8844	    8.6353306761631383e-11
X8848	    1.9201969451327195e-08
X8851	    2.5057302002603982e-08
X8853	    1.9860853261210251e-07
X8855	    2.3195174440838607e-06
X8858	    3.1844882463706414e-06
X9587	    7.5212022480197429e-05
X8869	    2.0658083956886839e-10
X8874	    1.0696296804343629e-09
X9077	    3.5259092826791872e-10
X8886	    1.2777655831834454e-08
X8888	    1.6301567606200852e-10
X8890	    1.6301567606200852e-10
X8892	    8.6747019150165317e-07
X8895	    2.6283143954289228e-06
X8896	    9.8325529442741940e-07
X8899	    2.6604583561055004e-06
X8981	    6.3690628460480444e-06
X8906	    4.0220843873800874e-07
X8908	    1.8279857888797962e-06
X8912	    1.0939394034482797e-09
X8917	    5.2901808322109922e-06
X8944	    8.6353306761631383e-11
X8951	    1.7535866037052791e-06
X8954	    2.5712250061730768e-11
X8959	    1.3772728419720182e-08
X9299	    1.2744697391768925e-06
X9308	    6.8275164598762102e-07
X8968	    4.7519831527140521e-09
X8970	    4.0509627571866608e-09
X8972	    1.8788874016804366e-08
X8979	    3.0444960368883860e-08
X9684	    3.0444960368883860e-08
X8984	    8.0459497543085122e-07
X8985	    1.1263177630603776e-06
X8987	    4.7043567490726620e-07
X8991	    2.6925417411364025e-06
X8993	    4.7043567490726620e-07
X8996	    2.3002217898494976e-08
X8999	    3.7032804538168662e-06
X9000	    8.3657675823309044e-06
X9024	    2.1261498794130255e-05
X9033	    5.8105613692012053e-09
X9037	    9.0907487678177915e-07
X9045	    1.9134562290397644e-08
X9426	    3.7238801995927720e-08
X9427	    3.7238801995927720e-08
X9538	    6.4832950697725443e-08
X9039	    1.8163746254068147e-06
X9051	    2.4533319128030424e-08
X9056	    8.6670712926041056e-06
X9057	    5.9550337684299421e-07
X9072	    5.4747998849673482e-09
X9073	    8.6353304525080737e-08
X9081	    2.5712250635113956e-12
X9086	    2.1963463038609865e-05
X9093	    3.2366276735682518e-07
X9487	    3.2366276735682518e-07
X9488	    3.2366276735682518e-07
X9094	    1.8415295384095224e-08
X9095	    7.2005874086125139e-07
X9096	    4.0053267460407111e-08
X9099	    8.2607603267324127e-07
X10297	    1.0443100575123635e-05
X9107	    3.7902312087360485e-07
X9108	    4.6532371633752608e-07
X9110	    1.6490598658189960e-07
X9111	    6.5479001290005757e-07
X9548	    8.9051811370230764e-09
X9551	    1.5427350561450097e-08
X9446	    5.1345259122813578e-06
X9638	    3.0854701934615382e-12
X9121	    8.6353306761631383e-11
X9122	    1.9107188538144134e-05
X9125	    1.8424930612347828e-05
X9128	    3.0854701934615382e-12
X9473	    3.0854701934615382e-12
X9130	    6.1620411477549405e-07
X9131	    1.3351089153469037e-10
X9133	    1.1459895341270239e-07
X9140	    7.4162616517763071e-07
X9143	    4.2465935801066133e-07
X9492	    4.2465935801066133e-07
X9212	    1.1502466903679870e-07
X9221	    2.0956356113738325e-05
X9223	    3.5773031342071543e-07
X9621	    8.8017527949974961e-07
X9229	    1.2950768266014586e-07
X9239	    3.0903563812236368e-07
X9529	    3.3664204259419050e-09
X9256	    1.4756026872792376e-07
X9260	    9.4820178874305299e-08
X9265	    3.7519522203440961e-07
X9279	    2.7743350074709508e-05
X9281	    1.7546791097438754e-07
X9284	    3.1125980611981513e-08
X9290	    4.7727795693063910e-08
X9294	    1.4556701534724258e-07
X9296	    1.4258289153262410e-06
X9302	    1.2089363620777046e-05
X9305	    1.2370929612482549e-06
X9313	    3.5219401095110912e-07
X9317	    9.0564174244570913e-07
X9338	    2.0444291753389108e-08
X9340	    1.7346671790754395e-08
X9419	    2.0024107990097221e-07
X9348	    7.5613181180457831e-10
X9366	    8.1467910016883481e-09
X9361	    3.8042881781417841e-08
X9364	    3.6057648804109193e-06
X9380	    6.8914362694897884e-09
X9382	    7.1191357719612342e-08
X9390	    8.9787684441123372e-09
X9395	    4.2528961154728401e-07
X9408	    7.7788065758565597e-07
X9412	    2.1563008057595671e-07
X12873	    1.5365886735347713e-07
X13108	    6.1971213222479581e-08
X9417	    2.8570983351724085e-08
X9422	    7.6833074104432119e-06
X9425	    1.7927717291034166e-07
X9439	    5.6025024705497712e-09
X9442	    9.7617326054424393e-07
X9495	    9.7617326054424393e-07
X9451	    2.0191146974549644e-06
X9455	    9.2952365274420758e-07
X9458	    4.8450610477031697e-06
X9461	    2.6407296866602023e-08
X9463	    2.5608284291549264e-06
X9465	    4.5914777034284082e-06
X9470	    3.2405202621050932e-06
X9474	    2.4315860482103970e-06
X9486	    2.6281279236864142e-07
X9489	    6.3075070168473943e-08
X9494	    2.5576513253593586e-08
X9496	    2.6281587783883488e-07
X9497	    3.7395888537864271e-08
X9502	    7.0722663728854502e-05
X9503	    1.3802805589097865e-05
X9509	    1.2456866767322289e-12
X9512	    5.4931853491731897e-07
X9513	    2.3874471281319242e-07
X9515	    1.3104993800988130e-06
X9516	    4.3176653380815691e-11
X9531	    3.9151177566937999e-07
X9539	    2.5927004660143817e-06
X9545	    1.7270660905016147e-07
X9546	    8.6353304525080737e-08
X9553	    8.3080694192098383e-10
X9569	    1.4596917549521252e-08
X9576	    3.5166840428892448e-08
X9579	    5.1875186500850343e-08
X9585	    6.8546734626077462e-07
X9586	    8.2607603267324127e-07
X9594	    1.2481779472553378e-06
X9613	    3.1844882463706414e-06
X9614	    4.4824084558762507e-07
X9617	    7.3666453185352869e-07
X9622	    4.8229794607214427e-13
X9626	    2.6151851979886383e-08
X9643	    6.6127794812315332e-08
X9648	    2.7418103793135117e-06
X9650	    1.7460701030172780e-08
X9656	    4.3426552065761284e-05
X9659	    4.7629491008567624e-06
X9663	    3.8829122304814334e-06
X9667	    1.2006032902259423e-06
X9669	    2.1922725645937355e-06
X9671	    2.8703867379186472e-06
X9676	    5.6572116731821679e-07
X9686	    3.6266508388231190e-08
X9696	    8.6353306761631383e-11
X9698	    8.0222221981555550e-14
X9709	    2.5727646261476804e-05
X9725	    8.2607603267324127e-07
X10390	    3.2210148155543515e-06
X9741	    6.6996664562570711e-05
X9747	    8.8003687037532968e-07
X9750	    1.6411971060098619e-05
X9955	    1.6671420190707835e-06
X9766	    8.8003687037532968e-07
X9769	    5.6892878692102232e-07
X9847	    6.9294725886814138e-06
X9876	    9.0354195535729647e-08
X12431	    1.3518587556302600e-07
X9894	    8.0736468434658106e-11
X9897	    2.5712250635113956e-12
X13120	    7.0194446132196574e-09
X13126	    3.1948576844172432e-09
X10136	    4.5054242977718744e-07
X10239	    9.0191159142886920e-07
X10144	    7.1713951748973949e-07
X10155	    1.6674883347020005e-05
X10156	    9.3335468382393426e-09
X10178	    1.0207763433912784e-08
X10215	    2.7581412071687288e-07
X10216	    3.0288461546628903e-07
X10231	    7.4370718957096881e-05
X10363	    9.4820178874305299e-08
X12428	    6.1658379054763869e-07
X10240	    3.0854701934615382e-12
X10291	    2.0569800508091165e-11
X12765	    9.3717546953971965e-13
X10388	    5.8767859662227908e-07
X10391	    1.0651364283593069e-06
X10392	    3.7949057443529731e-07
X10446	    8.0545492244555618e-06
X10447	    2.6617186221747953e-06
X10610	    1.1955400690082789e-06
X10612	    2.9644996922329098e-06
X10613	    7.1663752501903470e-08
X10621	    1.4557307286063625e-06
X10623	    3.1702099385415964e-07
X10637	    3.5597971926560612e-08
X10640	    8.8269878656550408e-08
X10643	    2.1338341690470615e-09
X10651	    1.1883777213315560e-09
X10657	    2.5879833329570674e-10
X10663	    1.4211610488960259e-09
X10665	    1.5591481516222090e-10
X10813	    6.2256542831204660e-08
X10815	    1.2035787254516646e-07
X10821	    7.5805708905566746e-08
X10825	    1.6508548390723895e-08
X10841	    3.5597971926560612e-08
X10842	    4.6803084720894090e-08
X10845	    4.3345315604977903e-08
X10847	    9.4395033105934053e-09
X10850	    2.2016929580572884e-08
X10861	    3.5597971926560612e-08
X10862	    2.5898812383732543e-08
X10865	    4.3345315604977903e-08
X10867	    9.4395033105934053e-09
X10886	    3.5597971926560612e-08
X10894	    4.3345315604977903e-08
X10898	    9.4395033105934053e-09
X10901	    3.5597971926560612e-08
X10905	    4.3345315604977903e-08
X10907	    9.4395033105934053e-09
X10909	    3.5597971926560612e-08
X10913	    4.3345315604977903e-08
X10915	    9.4395033105934053e-09
X12202	    4.1174487196237097e-10
X12854	    3.6684702451173547e-07
X13114	    5.5795582355517801e-10
X13118	    1.6944373530285754e-09
X13116	    3.3168804545231406e-09
X13122	    1.9232763308809825e-09
X13140	    2.0706046139828066e-06
X13144	    6.4304193212676334e-07
X13145	    1.3841301930162285e-07
X13149	    8.6353304525080737e-08
X13150	    2.5712249969166662e-09
X13152	    4.5128546197642333e-07
X13156	    2.2688003714265078e-08
X13162	    1.3592648690945687e-06
X13166	    9.0191159142886920e-07
X13169	    5.1014578775527044e-07
X13174	    1.7182381479603419e-05
X13177	    1.3528673871433037e-07
X13179	    3.5661616336208708e-07
X13186	    5.1424499938333323e-09
X13187	    1.4230189352531891e-07
X13188	    1.4230189352531891e-07
X13195	    1.3377716670388693e-07
X13197	    4.8694888680214837e-09
X13200	    9.0191159142886920e-07
X13201	    7.1602141609620153e-07
X13210	    1.4230189352531891e-07
X13211	    5.4747998849673482e-09
X13212	    1.6301567606200852e-10
X13213	    3.4803568342733191e-11
X13227	    8.8265397078273947e-06
X13228	    8.0579268692589740e-08
X13230	    6.9082645409305106e-10
X13245	    1.4286718473996526e-05
X13256	    2.6551339300761563e-05
X13258	    1.2063195417128573e-06
X13266	    8.3414371014736359e-09
X13272	    2.7935458432058209e-06
X13275	    3.3345495570897662e-07
X13278	    9.1278726032780844e-07
X13285	    2.9655957403055382e-06
X13295	    2.6469559289569214e-08
X13323	    2.2021605497454656e-07
X13325	    4.6795911682091144e-07
X13330	    1.1696437649267425e-06
X13335	    7.0687578637082859e-07
X13336	    9.2739285180171977e-07
X13338	    2.1176687167125886e-06
X13339	    4.1731678691308057e-07
X13342	    1.4599128914386280e-05
X13423	    4.1390988443995239e-07
X13433	    3.0427231284447536e-07
X13434	    1.5480521179806641e-06
X13439	    5.0930883366116850e-08
X13441	    4.5054242977718744e-07
X13443	    2.1827521442621505e-06
X13446	    1.0088708790388423e-06
X13447	    1.1864321537496784e-06
X13449	    7.4959096687250856e-08
X13450	    9.5483606638775177e-08
X13452	    1.6102209405685356e-07
X13456	    7.7409923953578444e-08
X13457	    4.5058975365418993e-07
X13462	    2.7960396132919450e-07
X13463	    8.6067714410969399e-06
X13468	    1.7083248670296833e-07
X13473	    9.4820178874305299e-08
X13475	    9.4820178874305299e-08
X13476	    9.4820178874305299e-08
X13477	    3.1844882463706414e-06
X13478	    3.1844882463706414e-06
X13479	    9.4820178874305299e-08
X13480	    9.4820178874305299e-08
X13481	    9.4820178874305299e-08
X13482	    9.4820178874305299e-08
X13485	    9.4820178874305299e-08
X13488	    8.6497053850170422e-07
X13518	    1.6566832020513323e-08
X13519	    7.8154247852983845e-06
X13520	    4.4913907707889286e-07
X13564	    2.2614768006115721e-07
X13567	    4.4913907707889286e-07
X13571	    8.6353306761631383e-11
X13575	    1.9201969451327195e-08
X13578	    2.5057302002603982e-08
X13580	    1.9860853261210251e-07
X13582	    2.3195174440838607e-06
X13585	    3.1844882463706414e-06
X13596	    2.0658083956886839e-10
X13601	    1.0696296804343629e-09
X13613	    1.2777655831834454e-08
X13615	    1.6301567606200852e-10
X13616	    5.4747998849673482e-09
X13617	    1.6301567606200852e-10
X13619	    8.6747019150165317e-07
X13620	    5.4747998849673482e-09
X13622	    2.6283143954289228e-06
X13623	    9.8325529442741940e-07
X13626	    2.6604583561055004e-06
X13633	    4.0220843873800874e-07
X13635	    1.8279857888797962e-06
X13639	    1.0939394034482797e-09
X13644	    5.2901808322109922e-06
X13671	    8.6353306761631383e-11
X13678	    1.7535866037052791e-06
X13680	    4.5231574459323036e-06
X13681	    2.5712250061730768e-11
X13686	    1.3772728419720182e-08
X13695	    4.7519831527140521e-09
X13697	    4.0509627571866608e-09
X13699	    1.8788874016804366e-08
X13706	    3.0444960368883860e-08
X13708	    6.3690628460480444e-06
X13711	    8.0459497543085122e-07
X13712	    1.1263177630603776e-06
X13714	    4.7043567490726620e-07
X13718	    2.6925417411364025e-06
X13720	    4.7043567490726620e-07
X13723	    2.3002217898494976e-08
X13726	    3.7032804538168662e-06
X13727	    8.3657675823309044e-06
X13751	    2.1261498794130255e-05
X13760	    5.8105613692012053e-09
X13764	    9.0907487678177915e-07
X13766	    1.8163746254068147e-06
X13772	    1.9134562290397644e-08
X13778	    2.4533319128030424e-08
X13783	    8.6670712926041056e-06
X13784	    5.9550337684299421e-07
X13799	    5.4747998849673482e-09
X13800	    8.6353304525080737e-08
X13804	    3.5259092826791872e-10
X13807	    1.3528199322353380e-12
X13808	    2.5712250635113956e-12
X13813	    2.1963463038609865e-05
X13820	    3.2366276735682518e-07
X13821	    1.8415295384095224e-08
X13822	    7.2005874086125139e-07
X13823	    4.0053267460407111e-08
X13826	    8.2607603267324127e-07
X13834	    3.7902312087360485e-07
X13835	    4.6532371633752608e-07
X13837	    1.6490598658189960e-07
X13838	    6.5479001290005757e-07
X13848	    8.6353306761631383e-11
X13849	    1.9107188538144134e-05
X13852	    1.8424930612347828e-05
X13855	    3.0854701934615382e-12
X13857	    6.1620411477549405e-07
X13858	    1.3351089153469037e-10
X13860	    1.1459895341270239e-07
X13862	    5.6024743317395469e-07
X13867	    7.4162616517763071e-07
X13870	    4.2465935801066133e-07
X13939	    1.1502466903679870e-07
X13945	    9.3598340527225498e-08
X13948	    2.0956356113738325e-05
X13950	    3.5773031342071543e-07
X13954	    1.3906039164044932e-05
X13956	    1.2950768266014586e-07
X13966	    3.0903563812236368e-07
X13983	    1.4756026872792376e-07
X13987	    9.4820178874305299e-08
X13989	    1.3528673871433037e-07
X13992	    3.7519522203440961e-07
X14006	    2.7743350074709508e-05
X14008	    1.7546791097438754e-07
X14011	    3.1125980611981513e-08
X14017	    4.7727795693063910e-08
X14021	    1.4556701534724258e-07
X14023	    1.4258289153262410e-06
X14026	    1.2744697391768925e-06
X14029	    1.2089363620777046e-05
X14030	    1.8214904656021365e-05
X14032	    1.2370929612482549e-06
X14035	    6.8275164598762102e-07
X14040	    3.5219401095110912e-07
X14044	    9.0564174244570913e-07
X14065	    2.0444291753389108e-08
X14067	    1.7346671790754395e-08
X14068	    1.1156288737339881e-06
X14075	    7.5613181180457831e-10
X14088	    3.8042881781417841e-08
X14091	    3.6057648804109193e-06
X14093	    8.1467910016883481e-09
X14107	    6.8914362694897884e-09
X14109	    7.1191357719612342e-08
X14117	    8.9787684441123372e-09
X14122	    4.2528961154728401e-07
X14135	    7.7788065758565597e-07
X14139	    2.1563008057595671e-07
X14144	    2.8570983351724085e-08
X14146	    2.0024107990097221e-07
X14149	    7.6833074104432119e-06
X14152	    1.7927717291034166e-07
X14153	    3.7238801995927720e-08
X14154	    3.7238801995927720e-08
X14165	    1.1895454189230675e-08
X14166	    5.6025024705497712e-09
X14169	    9.7617326054424393e-07
X14173	    5.1345259122813578e-06
X14178	    2.0191146974549644e-06
X14182	    9.2952365274420758e-07
X14185	    4.8450610477031697e-06
X14188	    2.6407296866602023e-08
X14190	    2.5608284291549264e-06
X14192	    4.5914777034284082e-06
X14197	    3.2405202621050932e-06
X14200	    3.0854701934615382e-12
X14201	    2.4315860482103970e-06
X14213	    2.6281279236864142e-07
X14214	    3.2366276735682518e-07
X14215	    3.2366276735682518e-07
X14216	    6.3075070168473943e-08
X14219	    4.2465935801066133e-07
X14221	    2.5576513253593586e-08
X14222	    9.7617326054424393e-07
X14223	    2.6281587783883488e-07
X14224	    3.7395888537864271e-08
X14229	    7.0722663728854502e-05
X14230	    1.3802805589097865e-05
X14236	    1.2456866767322289e-12
X14239	    5.4931853491731897e-07
X14240	    2.3874471281319242e-07
X14242	    1.3104993800988130e-06
X14243	    4.3176653380815691e-11
X14256	    3.3664204259419050e-09
X14258	    3.9151177566937999e-07
X14261	    2.5629060360046171e-06
X14265	    6.4832950697725443e-08
X14266	    2.5927004660143817e-06
X14272	    1.7270660905016147e-07
X14273	    8.6353304525080737e-08
X14275	    8.9051811370230764e-09
X14278	    1.5427350561450097e-08
X14280	    8.3080694192098383e-10
X14296	    1.4596917549521252e-08
X14303	    3.5166840428892448e-08
X14306	    5.1875186500850343e-08
X14312	    6.8546734626077462e-07
X14313	    8.2607603267324127e-07
X14314	    7.5212022480197429e-05
X14321	    1.2481779472553378e-06
X14322	    1.4230189352531891e-07
X14323	    1.4230189352531891e-07
X14340	    3.1844882463706414e-06
X14341	    4.4824084558762507e-07
X14344	    7.3666453185352869e-07
X14348	    8.8017527949974961e-07
X14349	    4.8229794607214427e-13
X14352	    4.0862268718572478e-08
X14353	    2.6151851979886383e-08
X14365	    3.0854701934615382e-12
X14370	    6.6127794812315332e-08
X14374	    2.4274161224855621e-06
X14375	    2.7418103793135117e-06
X14377	    1.7460701030172780e-08
X14383	    4.3426552065761284e-05
X14386	    4.7629491008567624e-06
X14390	    3.8829122304814334e-06
X14393	    4.1390988443995239e-07
X14394	    1.2006032902259423e-06
X14396	    2.1922725645937355e-06
X14398	    2.8703867379186472e-06
X14400	    3.9577667241531784e-08
X14403	    5.6572116731821679e-07
X14411	    3.0444960368883860e-08
X14413	    3.6266508388231190e-08
X14423	    8.6353306761631383e-11
X14425	    8.0222221981555550e-14
X14435	    1.1490857392746129e-07
X14436	    2.5727646261476804e-05
X14452	    8.2607603267324127e-07
X14468	    6.6996664562570711e-05
X14474	    8.8003687037532968e-07
X14477	    1.6411971060098619e-05
X14493	    8.8003687037532968e-07
X14496	    5.6892878692102232e-07
X14574	    6.9294725886814138e-06
X14603	    9.0354195535729647e-08
X14621	    8.0736468434658106e-11
X14624	    2.5712250635113956e-12
X14682	    1.6671420190707835e-06
X14863	    4.5054242977718744e-07
X14871	    7.1713951748973949e-07
X14882	    1.6674883347020005e-05
X14883	    9.3335468382393426e-09
X14905	    1.0207763433912784e-08
X14942	    2.7581412071687288e-07
X14943	    3.0288461546628903e-07
X14958	    7.4370718957096881e-05
X14966	    9.0191159142886920e-07
X14967	    3.0854701934615382e-12
X14996	    5.8343433341223798e-10
X15018	    2.0569800508091165e-11
X15024	    1.0443100575123635e-05
X15090	    9.4820178874305299e-08
X15104	    2.8722692582067368e-07
X15106	    5.7502480747842993e-07
X15113	    3.0414577911729680e-08
X15115	    5.8767859662227908e-07
X15117	    3.2210148155543515e-06
X15118	    1.0651364283593069e-06
X15119	    3.7949057443529731e-07
X15173	    8.0545492244555618e-06
X15174	    2.6617186221747953e-06
X15337	    1.1955400690082789e-06
X15339	    2.9644996922329098e-06
X15340	    7.1663752501903470e-08
X15348	    1.4557307286063625e-06
X15350	    3.1702099385415964e-07
X15364	    3.5597971926560612e-08
X15367	    8.8269878656550408e-08
X15370	    2.1338341690470615e-09
X15378	    1.1883777213315560e-09
X15384	    2.5879833329570674e-10
X15390	    1.4211610488960259e-09
X15392	    1.5591481516222090e-10
X15424	    2.1338341690470615e-09
X15442	    1.0539672656228613e-08
X15451	    1.5018130265806990e-08
X15466	    8.9101916988548180e-09
X15540	    6.2256542831204660e-08
X15542	    1.2035787254516646e-07
X15548	    7.5805708905566746e-08
X15552	    1.6508548390723895e-08
X15568	    3.5597971926560612e-08
X15569	    4.6803084720894090e-08
X15572	    4.3345315604977903e-08
X15574	    9.4395033105934053e-09
X15577	    2.2016929580572884e-08
X15588	    3.5597971926560612e-08
X15589	    2.5898812383732543e-08
X15592	    4.3345315604977903e-08
X15594	    9.4395033105934053e-09
X15613	    3.5597971926560612e-08
X15621	    4.3345315604977903e-08
X15625	    9.4395033105934053e-09
X15628	    3.5597971926560612e-08
X15632	    4.3345315604977903e-08
X15634	    9.4395033105934053e-09
X15636	    3.5597971926560612e-08
X15640	    4.3345315604977903e-08
X15642	    9.4395033105934053e-09
X16929	    4.1174487196237097e-10
X17155	    6.1658379054763869e-07
X17158	    1.3518587556302600e-07
X17492	    9.3717546953971965e-13
X17581	    3.6684702451173547e-07
X17600	    1.5365886735347713e-07
X17835	    6.1971213222479581e-08
X17841	    5.5795582355517801e-10
X17843	    3.3168804545231406e-09
X17845	    1.6944373530285754e-09
X17847	    7.0194446132196574e-09
X17849	    1.9232763308809825e-09
X17853	    3.1948576844172432e-09
All other variables are zero (within 1.0e-16). Solution has 1853 nonzero entries.
Primal solution feasible in original problem (max. violation = 93/2596148429267413814265248164610048).
Dual solution feasible in original problem (max. violation = 13805332204579/81129638414606681695789005144064).

Statistics
==========

SoPlex status       : problem is solved [optimal]
Original problem    : 
  Columns           : 17858
              boxed : 13
        lower bound : 17845
        upper bound : 0
               free : 0
  Rows              : 14445
              equal : 14445
             ranged : 0
                lhs : 0
                rhs : 0
               free : 0
  Nonzeros          : 101392
         per column : 5.67767947
            per row : 7.01917619
           sparsity : 0.00039305
    min. abs. value : 0.00000100
    max. abs. value : 17810526315.78947449
Objective sense     : maximize
Solution (rational) : 
  Objective value   : -1065193778886918891957493488130911/81129638414606681695789005144064
Size (base 2/10)    : 
  Total primal      : 521494 / 181286
  Total dual        : 1810499 / 562845
  DLCM primal       : 196 / 60
  DLCM dual         : 132 / 40
  DMAX primal       : 192 / 58
  DMAX dual         : 132 / 40
Violation (rational): 
  Max/sum bound     : 93/2596148429267413814265248164610048 / 7012353/170141183460469231731687303715884105728
  Max/sum row       : 93/2596148429267413814265248164610048 / 1563632953074497660309384853619141517428567/3138550867693340381917894711603833208051177722232017256448000000000000000
  Max/sum redcost   : 13805332204579/81129638414606681695789005144064 / 226341176085042823402034697870823/1329227995784915872903807060280344576000000000000000
  Max/sum dual      : 0 / 0
Total time          : 8.10
  Reading           : 0.70
  Solving           : 7.40
  Preprocessing     : 0.00 (0.00% of solving time)
  Simplex           : 7.18 (97.03% of solving time)
  Synchronization   : 0.03 (0.41% of solving time)
  Transformation    : 0.00 (0.00% of solving time)
  Rational          : 0.14 (1.89% of solving time)
  Other             : 0.05 (0.68% of solving time)
Refinements         : 2
  Stalling          : 0
  Pivoting          : 2
  Feasibility       : 0
  Unboundedness     : 0
Iterations          : 11927
  From scratch      : 11927 (100.00%)
  From basis        : 0 (0.00%)
  Primal            : 1104 (9.26%)
  Dual              : 10823 (90.74%)
  Bound flips       : 0
  Sol. polishing    : 0
LU factorizations   : 103
  Factor. frequency : 115.80 iterations per factorization
  Factor. time      : 0.31
LU solves           : 126971
  Solve frequency   : 10.65 solves per iteration
  Solve time        : 2.91
Rat. factorizations : 0
  Rat. factor. time : 0.00
  Rat. solve time   : 0.00
Rat. reconstructions: 2
  Rat. rec. time    : 0.01
Degeneracy          : 
  Primal Pivots     : 269
  Dual Pivots       : 1586
  Primal Candidates : 0
  Dual Candidates   : 0
  Average Primal    : 0.00
  Average Dual      : 0.00
Numerics            :
  Condition Number  : 0.00000000e+00
