SoPlex version 4.0.0 [mode: optimized] [precision: 8 byte] [rational: GMP 6.1.2] [githash: 82cab95]
Copyright (c) 1996-2018 Konrad-Zuse-Zentrum fuer Informationstechnik Berlin (ZIB)

int:simplifier = 0
int:scaler = 5
int:readmode = 1
int:solvemode = 2
int:checkmode = 2
real:feastol = 1.00000000e-20
real:opttol = 1.00000000e-20
real:timelimit = 3.00000000e+02

Reading (rational) LP file <Simulation.lp> . . .
Reading took 0.95 seconds.

LP has 17151 rows 21669 columns and 116175 nonzeros.

Initial floating-point solve . . .
Least squares LP scaling

type |   time |   iters | facts |    shift | violation |     obj value 
  L  |    0.0 |       0 |     1 | 4.10e+03 |  2.10e+04 | 0.00000000e+00
  L  |    0.0 |     199 |     1 | 4.10e+03 |  1.97e+03 | 0.00000000e+00
  L  |    0.0 |     399 |     2 | 4.10e+03 |  1.99e+03 | 0.00000000e+00
  L  |    0.0 |     599 |     3 | 4.10e+03 |  1.73e+03 | 0.00000000e+00
  L  |    0.0 |     799 |     4 | 4.10e+03 |  1.53e+03 | 0.00000000e+00
  L  |    0.0 |     999 |     5 | 4.10e+03 |  1.39e+03 | 0.00000000e+00
  L  |    0.1 |    1199 |     6 | 4.10e+03 |  1.28e+03 | 0.00000000e+00
  L  |    0.1 |    1399 |     7 | 4.10e+03 |  1.42e+03 | 0.00000000e+00
  L  |    0.1 |    1599 |     8 | 4.10e+03 |  1.06e+03 | 0.00000000e+00
  L  |    0.1 |    1799 |     9 | 4.10e+03 |  1.05e+03 | 0.00000000e+00
  L  |    0.1 |    1999 |    10 | 4.10e+03 |  6.03e+02 | 0.00000000e+00
  L  |    0.2 |    2199 |    11 | 4.10e+03 |  6.01e+02 | 0.00000000e+00
  L  |    0.2 |    2399 |    12 | 4.10e+03 |  5.97e+02 | 0.00000000e+00
  L  |    0.3 |    2599 |    13 | 4.10e+03 |  4.35e+02 | 0.00000000e+00
  L  |    0.3 |    2799 |    14 | 4.10e+03 |  3.51e+02 | 1.34428502e-06
  L  |    0.4 |    2999 |    15 | 4.10e+03 |  3.31e+02 | 1.13775074e-06
  L  |    0.5 |    3199 |    16 | 4.10e+03 |  2.05e+02 | 1.03827168e-06
  L  |    0.5 |    3399 |    17 | 4.10e+03 |  2.11e+02 | 9.29012949e-07
  L  |    0.6 |    3599 |    18 | 4.10e+03 |  2.20e+02 | 8.99202191e-07
  L  |    0.7 |    3799 |    20 | 4.10e+03 |  1.44e+02 | 8.36480426e-07
  L  |    0.7 |    3999 |    21 | 4.10e+03 |  1.03e+02 | 6.42493113e-07
  L  |    0.8 |    4199 |    22 | 4.10e+03 |  8.52e+01 | 5.25527787e-07
  L  |    0.8 |    4399 |    23 | 4.10e+03 |  8.27e+01 | 4.69075225e-07
  L  |    0.9 |    4599 |    24 | 4.10e+03 |  4.27e+01 | 3.86306432e-07
  L  |    1.0 |    4799 |    25 | 4.10e+03 |  4.44e+01 | 3.16305633e-07
  L  |    1.0 |    4999 |    26 | 4.10e+03 |  6.89e+00 | 2.48256132e-07
  L  |    1.1 |    5199 |    27 | 4.10e+03 |  2.77e+00 | 2.11895825e-07
  L  |    1.2 |    5399 |    28 | 4.10e+03 |  6.87e-01 | 2.03490123e-07
  L  |    1.3 |    5599 |    30 | 4.10e+03 |  1.88e+00 | 2.02358694e-07
  L  |    1.4 |    5799 |    32 | 4.10e+03 |  2.68e-01 | 2.00052877e-07
type |   time |   iters | facts |    shift | violation |     obj value 
  L  |    1.5 |    5999 |    34 | 4.10e+03 |  2.67e-01 | 1.98248273e-07
  L  |    1.6 |    6199 |    35 | 4.10e+03 |  1.72e+00 | 1.96893890e-07
  L  |    1.7 |    6399 |    36 | 4.10e+03 |  1.73e-02 | 1.95919586e-07
  L  |    1.8 |    6599 |    38 | 4.10e+03 |  2.14e-02 | 1.95589602e-07
  L  |    1.9 |    6799 |    39 | 4.10e+03 |  2.25e-01 | 1.95273070e-07
  L  |    2.0 |    6999 |    40 | 4.10e+03 |  1.58e-01 | 1.95092820e-07
  L  |    2.1 |    7199 |    42 | 4.10e+03 |  2.10e-02 | 1.94463989e-07
  L  |    2.2 |    7399 |    44 | 4.10e+03 |  3.34e-02 | 1.94272095e-07
  L  |    2.4 |    7599 |    46 | 4.10e+03 |  3.38e-02 | 1.93910501e-07
  L  |    2.4 |    7799 |    47 | 4.10e+03 |  3.34e-02 | 1.93784155e-07
  L  |    2.5 |    7999 |    49 | 4.10e+03 |  1.50e-01 | 1.93595779e-07
  L  |    2.6 |    8199 |    50 | 4.10e+03 |  1.68e-01 | 1.93507742e-07
  L  |    2.8 |    8399 |    52 | 4.10e+03 |  4.29e-03 | 1.93297203e-07
  L  |    2.9 |    8599 |    53 | 4.10e+03 |  2.05e-03 | 1.93028924e-07
  L  |    3.0 |    8799 |    54 | 4.10e+03 |  1.60e-03 | 1.92943853e-07
  L  |    3.0 |    8999 |    56 | 4.10e+03 |  1.57e-03 | 1.92698189e-07
  L  |    3.1 |    9199 |    58 | 4.10e+03 |  1.60e-03 | 1.92693471e-07
  L  |    3.2 |    9399 |    60 | 4.10e+03 |  1.49e-03 | 1.92648226e-07
  L  |    3.3 |    9599 |    61 | 4.10e+03 |  3.59e-03 | 1.92433459e-07
  L  |    3.4 |    9799 |    63 | 4.10e+03 |  2.10e-03 | 1.92274549e-07
  L  |    3.5 |    9999 |    65 | 4.10e+03 |  3.71e-03 | 1.92210235e-07
 --- initializing steepest edge multipliers
 --- active pricer: SteepEx
  L  |    4.4 |   10199 |    66 | 4.10e+03 |  3.48e-03 | 1.91329260e-07
  L  |    4.6 |   10399 |    67 | 4.10e+03 |  1.13e-03 | 1.91267859e-07
  L  |    4.8 |   10599 |    69 | 4.10e+03 |  3.08e-01 | 1.90727124e-07
  L  |    4.9 |   10799 |    71 | 4.10e+03 |  1.99e-03 | 1.90640848e-07
  L  |    5.0 |   10999 |    73 | 4.10e+03 |  3.61e-02 | 1.90425478e-07
  L  |    5.2 |   11199 |    74 | 4.10e+03 |  4.69e-02 | 1.90261783e-07
  L  |    5.4 |   11399 |    75 | 4.10e+03 |  2.16e-02 | 1.90242755e-07
  L  |    5.6 |   11599 |    77 | 4.10e+03 |  7.96e-05 | 1.90224452e-07
 --- initializing steepest edge multipliers
 --- initializing steepest edge multipliers
  E  |    5.8 |   11770 |    80 | 0.00e+00 |  4.10e+03 | 0.00000000e+00
  E  |    5.8 |   11797 |    80 | 0.00e+00 |  1.38e+04 | 0.00000000e+00
type |   time |   iters | facts |    shift | violation |     obj value 
  E  |    5.9 |   11997 |    81 | 7.25e-22 |  4.50e+02 | 1.28418486e-04
  E  |    6.0 |   12196 |    83 | 2.58e-05 |  4.87e+00 | 2.06882928e-03
 --- initializing steepest edge multipliers
 --- initializing steepest edge multipliers
  L  |    7.6 |   12257 |    84 | 0.00e+00 |  2.94e-04 | 2.11721557e-03
  L  |    7.7 |   12394 |    84 | 0.00e+00 |  1.74e-03 | 2.10763617e-03
  L  |    7.8 |   12488 |    88 | 0.00e+00 |  0.00e+00 | 2.10471790e-03

Floating-point optimal.
Max. bound violation = 1133367995556593/2361183241434822606848
Max. row violation = 1180591590848443/295147905179352825856
Max. reduced cost violation = 819839740066071130417/2251799813685248000000000000000
Max. dual violation = 0
Performing rational reconstruction . . .
Reconstructed solution primal infeasible (1).
Refined floating-point solve . . .

 --- initializing steepest edge multipliers
 --- initializing steepest edge multipliers
  L  |    1.4 |       0 |     1 | 0.00e+00 |  1.17e+00 | -3.56319535e-19
 --- active pricer: Devex
  E  |    1.5 |      15 |     2 | 0.00e+00 |  0.00e+00 | -7.48839272e+02
  E  |    1.5 |      15 |     2 | 0.00e+00 |  0.00e+00 | -7.48839272e+02

Floating-point optimal.
Max. bound violation = 5528877039446015/680564733841876926926749214863536422912
Max. row violation = 11176277404142729526883487567/10384593717069655257060992658440192000000000000000
Max. reduced cost violation = 205/18014398509481984
Max. dual violation = 0
Performing rational reconstruction . . .
Reconstructed solution primal infeasible (3).
Refined floating-point solve . . .

  L  |    0.0 |       0 |     0 | 0.00e+00 |  0.00e+00 | 1.82967831e-12
  L  |    0.0 |       0 |     0 | 0.00e+00 |  0.00e+00 | 1.82967831e-12

Floating-point optimal.
Max. bound violation = 601/680564733841876926926749214863536422912
Max. row violation = 10143418653964687260033740111059/1915619426082361072947933783937886479523423902729502720000000000000
Max. reduced cost violation = 4756357/2658455991569831745807614120560689152
Max. dual violation = 0
Tolerances reached.
Solved to optimality.

SoPlex status       : problem is solved [optimal]
Solving time (sec)  : 9.54
Iterations          : 12503
Objective value     : 2.10470700e-03


Primal solution (name, value):
X21545	    2.1047069991544142e-03
X548	    1.2151017538828739e+01
X552	    6.0755087694143697e+00
X212	    3.9999998987999998e-06
X306	    1.5823090995532852e-02
X1133	    9.3133706281972684e-01
X1136	    2.4028544312290290e+01
X1141	    2.6663277255337775e+01
X2368	    1.5433641505029732e+00
X2457	    1.7585882072021694e-01
X23	    9.8004873268587603e-02
X129	    2.5871204060656183e-01
X836	    2.1453698555853201e-04
X892	    4.8695981201914075e-02
X914	    3.9999998987999998e-06
X1140	    9.7684971420863320e-01
X11	    2.9940598573380195e-01
X15	    1.0003666179567600e-01
X48	    1.3910358643892012e-01
X72	    1.3910358643892012e-01
X99	    4.0485225550127596e-02
X100	    9.7315259399031045e-02
X117	    2.2401260943639070e+00
X143	    4.7358727314181781e-01
X194	    6.8676970656762454e-02
X209	    5.4930723136700541e-02
X210	    4.0336818035784386e-02
X276	    2.5360001018399999e-05
X294	    5.5310284834856796e-02
X313	    6.8698491365997733e-02
X318	    6.0655151729017379e-02
X321	    4.2907334458319998e-02
X328	    2.1748998579379689e-01
X335	    7.7233231049398841e+00
X345	    1.4750972979448716e-02
X347	    1.4750972979448716e-02
X348	    1.4750972979448716e-02
X349	    1.4750972979448716e-02
X350	    1.4750972979448716e-02
X351	    1.4750972979448716e-02
X352	    1.4750972979448716e-02
X353	    1.4750972979448716e-02
X354	    1.4750972979448716e-02
X360	    1.1160582582431773e-01
X443	    7.9076115404345896e-05
X447	    1.7310495673794800e-02
X452	    2.8638288742268581e-02
X457	    1.4750972979448716e-02
X468	    9.6000004559759994e-04
X485	    1.4653599762823998e-03
X487	    2.5360001018399999e-05
X491	    4.2907334458319998e-02
X511	    2.4000000208616000e-03
X578	    5.9931874339456037e-01
X585	    2.2401260943639070e+00
X592	    2.2577891736063327e+00
X594	    7.3095889362313204e-02
X597	    3.7394297181416958e-01
X625	    2.7270113706154088e+01
X634	    2.7780780288320518e-02
X638	    4.0485225550127596e-02
X653	    1.4456581103022559e-01
X659	    1.8799292815992800e-02
X674	    2.5360001018399999e-05
X688	    1.5158311171940415e+01
X695	    3.3244790402565741e-02
X710	    2.1748998579379689e-01
X712	    1.8885169705152832e-01
X724	    8.8642754516144617e-02
X732	    3.3244790402565741e-02
X735	    1.8799292815992800e-02
X737	    1.5823090995532852e-02
X841	    1.2729294708431049e-01
X886	    3.2995360419485015e-01
X896	    2.8437585014816996e-01
X901	    8.4902764191475188e-02
X905	    9.7315259399031045e-02
X915	    8.8642754516144617e-02
X963	    2.4279999895951998e-03
X967	    4.3895601631226020e+00
X968	    1.3080000178888000e-03
X974	    2.4279999895951998e-03
X982	    2.4279999895951998e-03
X1014	    4.0122281050225854e-02
X1019	    6.8698491365997733e-02
X1027	    4.2907334458319998e-02
X1044	    4.0485225550127596e-02
X1048	    4.0336818035784386e-02
X1052	    1.3336417361703120e+01
X1063	    3.2930881397044776e-01
X1088	    4.0485225550127596e-02
X1090	    3.3244790402565741e-02
X1091	    4.0485225550127596e-02
X1097	    4.0485225550127596e-02
X1099	    1.3488844139614140e-01
X1111	    3.1630446161738359e-04
X1114	    6.6909961140993415e-02
X1117	    7.3095889362313204e-02
X1131	    7.3095889362313204e-02
X1187	    1.2729294708431049e-01
X1188	    1.2729294708431049e-01
X1197	    1.3876381842293209e-01
X1198	    1.3876381842293209e-01
X1218	    1.4750972979448716e-02
X1229	    4.0336818035784386e-02
X1230	    4.0336818035784386e-02
X1240	    4.8000001679999998e-07
X1247	    4.5136818077507586e-02
X1300	    7.9076115404345896e-05
X1510	    3.4251267735317822e-03
X1757	    6.8698491365997733e-02
X1767	    1.1146590087683060e-01
X1779	    5.1126151539245871e-05
X1801	    5.6355173121236644e-05
X1844	    4.8000001679999998e-07
X2011	    1.4750972979448716e-02
X2157	   -2.5487390418927253e-01
X2159	   -2.3363384923205557e-03
X2160	   -1.5165301617858624e+00
X2222	    7.3095889362313204e-02
X2452	    2.3489303750787556e+01
X2454	    5.3924056150273492e-01
X2464	    3.3104195230739224e+00
X2472	    6.5438751375358623e-02
X4559	    5.4889462403846102e-02
X5148	    3.9999999999999997e-01
X5153	    6.9999999999999996e-01
X5589	    1.6211802027357145e-04
X6035	   -7.6000002445599988e-05
X6036	    7.6000002445599988e-05
X6047	    7.2000002546799999e-05
X6052	    4.3995800307247828e-05
X6056	    1.1561998676994827e-05
X6058	    9.2461003069278197e-05
X6060	    1.0650228523427744e-03
X6064	    2.1363137897741804e-03
X6105	    5.8468748337589648e-06
X6118	    2.1047069991544142e-03
X21525	    2.1047069991544142e-03
X21528	    1.0523534995772072e-02
X21529	    2.1047069991544142e-03
X21530	    2.1047069991544142e-03
X21531	    2.1047069991544142e-03
X21532	    2.1047069991544142e-03
X21533	    2.1047069991544142e-03
X21534	    2.1047069991544142e-03
X21535	    2.1047069991544142e-03
X21537	    2.1047069991544142e-03
X21538	    2.1047069991544142e-03
X21540	    2.1047069991544142e-03
X21541	    2.1047069991544142e-03
X21542	    2.1047069991544142e-03
X21543	    2.1047069991544142e-03
X4570	   -4.9639177543311028e-02
X6046	    7.2000002546799999e-05
X6073	    3.9999999999999997e-01
X4569	    4.9639177543311028e-02
X5155	    3.9999999999999997e-01
X1010	    6.1902923908921670e-01
X1289	    1.9710495694656400e-02
X1288	    5.9931874339456037e-01
X16	    3.3244790402565741e-02
X1089	    3.3244790402565741e-02
X40	    1.3910358643892012e-01
X47	    3.9999998987999998e-06
X102	    6.3260892323476717e-04
X127	    2.5871204060656183e-01
X436	    4.4473945412252719e-01
X543	    7.9076115404345896e-05
X709	    1.2729294708431049e-01
X727	    8.8642754516144617e-02
X742	    3.7651683050105209e+00
X829	    9.8004873268587603e-02
X883	    4.4474345412242600e-01
X899	    1.4536144330878638e-02
X943	    6.8698491365997733e-02
X973	    1.6436698807567833e+00
X1146	    3.9999998987999998e-06
X1249	    2.0483775382618111e-03
X2117	    3.9999998987999998e-06
X2170	    1.2729294708431049e-01
X5057	    1.7680581029021109e-02
X5478	    6.5634221497383911e-06
X6083	    3.9999998987999998e-06
X6110	    5.6329460892603280e-05
X6112	    5.0939031886662732e-05
X33	    1.3876381842293209e-01
X45	    1.2729294708431049e-01
X392	    4.4473945412252719e-01
X439	    4.4473945412252719e-01
X492	    2.5360001018399999e-05
X494	    2.5871204060656183e-01
X495	    9.8004873268587603e-02
X568	    6.2860892333596716e-04
X620	    5.6329460892603280e-05
X682	    4.5638879817443651e-05
X683	    4.5638879817443651e-05
X703	    1.2729294708431049e-01
X716	    2.0483775382618111e-03
X1118	    3.9538057702172948e-05
X2427	   -9.4423551869555524e+00
X6113	    5.3904290059405439e-06
X6114	    5.0939031886662732e-05
X156	    6.8698491365997733e-02
X1021	    6.8698491365997733e-02
X1312	    1.1960845416764172e-01
X1576	    2.5679089991407866e-01
X640	    1.4536144330878638e-02
X814	    3.1597278688438313e-02
X558	    2.9312477311345755e-02
X2121	    1.4536144330878638e-02
X37	    1.3910358643892012e-01
X50	    4.0336818035784386e-02
X58	    1.3876381842293209e-01
X71	    1.3910358643892012e-01
X196	    6.8676970656762454e-02
X340	    4.7747826462124093e-01
X450	    1.1483992307957274e-02
X516	    2.6940804892183639e+01
X569	    1.6411444005282588e-01
X641	    1.8365802356577024e-01
X696	    3.3244790402565741e-02
X723	    7.9076115404345896e-05
X733	    3.3244790402565741e-02
X745	    7.3730015952693337e-02
X904	    6.8676970656762454e-02
X1098	    4.0485225550127596e-02
X1104	    3.2930881397044776e-01
X1150	    9.8536004661599992e-04
X1153	    2.4000000208616000e-03
X1155	    4.5463992864799998e-04
X1171	    9.6000004559759994e-04
X1251	    1.8885169705152832e-01
X1270	    5.5310284834856796e-02
X1273	    1.5823090995532852e-02
X1302	    7.9076115404345896e-05
X1855	    1.1019634775477096e+01
X2423	    1.4750972979448716e-02
X2428	    1.5165301617858624e+00
X4561	    1.1137132917459398e-01
X4634	    2.3363384923205557e-03
X21522	    2.1047069991544142e-03
X21527	    2.1047069991544142e-03
X59	    1.3876381842293209e-01
X81	    1.3876381842293209e-01
X391	    1.3876381842293209e-01
X919	    8.8642754516144617e-02
X4574	   -3.4230394263355135e-03
X856	    9.7932873266040804e-02
X1360	    2.5372173190813578e+00
X2317	   -1.4536144330878638e-02
X910	    8.4902764191475188e-02
X1060	    2.2401260943639070e+00
X1115	    5.6030766286405825e-02
X2315	   -2.9501945958897432e-02
X4567	   -3.1032027028614888e-02
X2316	    2.9501945958897432e-02
X4566	    3.1032027028614888e-02
X1925	    9.8004873268587603e-02
X2026	   -1.9694637637466479e+00
X2465	    4.1314217543408888e-01
X488	    2.5360001018399999e-05
X147	    8.4714590879329918e-04
X203	    8.4714590879329918e-04
X149	    6.8698491365997733e-02
X561	    1.4536144330878638e-02
X1351	    7.6674021366264880e+00
X25	    1.2729294708431049e-01
X1330	    1.2729294708431049e-01
X324	    6.0138345862487663e-01
X697	    3.3244790402565741e-02
X820	    9.8004873268587603e-02
X864	    1.3910358643892012e-01
X1040	    2.4276878186121034e-01
X1105	    3.2930881397044776e-01
X1277	    5.3926059287251416e-02
X1357	    1.3876381842293209e-01
X1928	   -1.0000000000000000e+03
X1985	   -1.0000000000000000e+03
X2466	    4.9406804424767609e-01
X588	    7.3095889362313204e-02
X601	    1.2513439734954909e-01
X1910	   -1.3876381842293209e-01
X2040	    1.3876381842293209e-01
X1380	    1.3876381842293209e-01
X2328	    3.0379252011822584e+00
X1915	    1.3910358643892012e-01
X146	    5.6998355724415795e-01
X713	    2.8638288742268581e-02
X1192	    2.1453698555853201e-04
X21539	    2.1047069991544142e-03
X1383	    8.8638754516245824e-02
X2462	   -1.6423243381155042e-02
X4565	   -6.4531521508511019e-02
X137	    8.8642754516144617e-02
X5146	    6.3260892323476717e-04
X907	    2.8638288742268581e-02
X154	    3.9999998987999998e-06
X2024	   -1.5165301617858624e+00
X2027	    2.7616061947724191e+01
X4564	   -1.5516013514307444e-02
X4720	   -1.7680581029021109e-02
X21526	    2.1047069991544142e-03
X201	    2.8070033681710709e+00
X207	    5.4930723136700541e-02
X213	    1.7585482072031813e-01
X315	    6.8698491365997733e-02
X319	    6.0655151729017379e-02
X329	    1.1621654659091647e-01
X454	    1.1483992307957274e-02
X600	    5.0416368956892665e-02
X658	    1.2800804476142802e-01
X698	    3.3244790402565741e-02
X823	    9.8004873268587603e-02
X867	    1.3910358643892012e-01
X881	    1.2729294708431049e-01
X1041	    6.6909961140993415e-02
X1196	    9.7196556027175640e-02
X1252	    9.0918823785487518e-02
X1275	    1.5823090995532852e-02
X1280	    5.1821352288096999e-02
X1313	    1.1960845416764172e-01
X5156	    3.9999999999999997e-01
X2070	    1.4399999752640000e-03
X5157	    3.9999999999999997e-01
X679	    9.8536004661599992e-04
X2032	    7.0472451881902062e-03
X4577	   -2.4357740861985003e-02
X1178	    8.8288893185970729e-01
X1181	    1.3572371625041997e+00
X357	    1.4750972979448716e-02
X507	    2.8437585014816996e-01
X1217	    1.4750972979448716e-02
X1259	    7.4800049046356587e-01
X1267	    6.0923667204063370e-01
X2327	    1.4750972979448716e-02
X2329	    3.2646371066089905e+00
X4568	    4.9639177543311028e-02
X21519	    2.1047069991544142e-03
X4586	   -4.1297755682387263e-02
X21536	    2.1047069991544142e-03
X4585	    4.1297755682387263e-02
X912	    1.4536144330878638e-02
X1933	   -9.8004873268587603e-02
X390	    1.2294072742739924e-01
X1941	   -2.5360001018399999e-05
X1942	    2.5360001018399999e-05
X322	    2.1748998579379689e-01
X473	    9.6000004559759994e-04
X992	    7.0472451881902062e-03
X997	    3.3933193328588890e-01
X1065	    2.7270113706154088e+01
X1076	    8.8642754516144617e-02
X334	    3.3244790402565741e-02
X1254	    1.4399999752640000e-03
X1957	   -6.3260892323476717e-04
X2141	    1.5168753254113406e-02
X5945	    4.0122281050225854e-02
X586	    1.2263556049347091e+01
X898	    2.8437585014816996e-01
X1999	   -1.5165301617858624e+00
X4548	    1.5516013514307444e-02
X5543	    2.1453698555853201e-04
X305	    1.5823090995532852e-02
X498	    2.9547584838714874e-02
X581	    2.9547584838714874e-02
X1024	    4.2907334458319998e-02
X2365	    3.7642715202220112e+00
X4573	   -2.4357740861985003e-02
X2431	    1.1019634775477096e+01
X2351	   -1.1146590087683060e-01
X2371	   -3.9999998843999999e-04
X2373	    3.9999998843999999e-04
X166	    4.1178128800615161e-03
X2491	    1.5516013514307444e-02
X2701	    4.9840782758398469e-03
X2703	    1.1398501378234742e-02
X2704	    3.1865789436684080e-03
X2728	    4.9840782758398469e-03
X2731	    1.1398501378234742e-02
X2734	    3.1865789436684080e-03
X2803	    2.3363384923205557e-03
X2806	    3.4230394263355135e-03
X2528	    1.2329434570639036e-02
X4554	   -8.2116216905775211e-03
X4590	   -1.0000000000000000e+03
X5039	    1.0000041178128801e+03
X5079	    4.1178128800615161e-03
X2527	    3.7309742972671991e-02
X4552	   -5.8270507803818159e-04
X206	    4.0485225550127596e-02
X1094	    7.3730015952693337e-02
X311	    6.8698491365997733e-02
X571	    4.2907334458319998e-02
X574	    3.9999998987999998e-06
X1838	    4.2911334458218799e-02
X505	    2.8437585014816996e-01
X5154	    2.1600000000000000e-01
X6121	    6.0097041872522772e-06
X6126	    2.2942987412551875e-06
X6128	    1.3070519344880334e-07
X6131	    7.6656445820441375e-07
X6132	    1.5956222895399925e-07
X6139	    1.3364260216060382e-06
X6140	    1.2132520520703267e-08
X6141	    1.1049734989957508e-06
X6142	    8.4172331063296812e-07
X6146	    2.8033094630895373e-06
X6154	    3.5007823440020163e-06
X6155	    1.1208088505271139e-06
X6157	    2.1697678760569928e-08
X6158	    4.1804824102913834e-07
X6159	    2.6895896722523046e-08
X6160	    3.7716428765721627e-05
X6161	    2.6613439113772452e-12
X6162	    4.0744260642206453e-07
X6166	    1.1851687727466747e-06
X6168	    6.6658861634281378e-10
X6169	    6.6658861634281378e-10
X6176	    8.8827322119361530e-07
X6179	    1.2897769357106974e-05
X6185	    3.7138976804627004e-06
X6193	    9.6843022485653880e-06
X6194	    7.2085377332615589e-08
X6196	    1.0682352638209511e-07
X6198	    2.3278378040672422e-05
X6204	    1.7405797159004714e-05
X6205	    4.4888759998025451e-05
X6208	    4.6900928315420436e-06
X6210	    3.0953416545216850e-06
X6211	    6.1906833090433700e-06
X6212	    9.6818017023992538e-09
X6213	    1.4133231711599925e-09
X6214	    9.5092351892585598e-07
X6215	    2.2029338260701536e-06
X6220	    3.3695559757391959e-11
X6221	    6.4414900483823477e-06
X6224	    8.3204370303408182e-08
X6230	    2.9924605950659027e-07
X6232	    9.6592082498962671e-06
X6236	    1.8348470665646153e-06
X6238	    5.5369013646620861e-10
X6239	    3.6557834745911165e-06
X6240	    4.2384817235108439e-06
X6241	    1.0186065160551613e-06
X6243	    3.9331365769911497e-12
X6244	    3.2243274792870944e-07
X6254	    1.4829105903274971e-05
X6259	    1.3433995054876307e-05
X6263	    1.1939736825988699e-11
X6278	    1.7558820582494221e-06
X6279	    1.7558820582494221e-06
X6281	    1.7558820582494221e-06
X6290	    6.0624869714685259e-07
X6291	    3.0576021247406480e-06
X6292	    3.3660444443416782e-06
X6295	    2.2125117992269804e-07
X6296	    5.7870854490773931e-07
X6297	    2.3705483563146216e-06
X6300	    1.3073639773470714e-06
X6301	    1.6046336436247984e-06
X6303	    1.1088932266985344e-07
X6304	    1.0645618492109490e-07
X6305	    4.3673453785394089e-07
X6307	    1.7261109983634675e-07
X6308	    9.8572134513075878e-07
X6311	    4.6686131985861559e-08
X6312	    1.9339610472696765e-06
X6314	    7.1512250971665590e-06
X6315	    7.1512250971665585e-05
X6316	    2.1453675291499676e-05
X6317	    7.1512250971665590e-06
X6318	    7.1512250971665590e-06
X6319	    7.1512250971665590e-06
X6320	    7.1512250971665590e-06
X6321	    7.1512250971665590e-06
X6322	    2.1453675291499676e-05
X6323	    7.1512250971665590e-06
X6324	    7.1512250971665590e-06
X6325	    7.1512250971665590e-06
X6326	    7.1512250971665590e-06
X6327	    7.1512250971665590e-06
X6338	    9.3075685111353004e-08
X6341	    1.2426057602096465e-07
X6343	    2.4852115204192930e-07
X6344	    4.4904027334699287e-06
X6345	    4.9704230408385859e-07
X6348	    1.2426057602096465e-07
X6351	    9.8833564308703930e-09
X6352	    9.8833564308703930e-09
X6370	    3.7839559072760615e-08
X6371	    3.5109192865746227e-05
X6372	    6.8967892397073303e-07
X6375	    3.4726278919538314e-07
X6377	    3.7830936684294184e-08
X6379	    1.5026471939057985e-07
X6382	    5.9348797457143538e-08
X6384	    2.6297785805572619e-08
X6386	    2.3136883868152059e-08
X6389	    3.5285188325436477e-06
X6390	    3.5285188325436477e-06
X6395	    3.5792853896143649e-04
X6398	    2.2889843719542202e-10
X6399	    1.4630645552450159e-09
X6405	    1.4158067403694685e-08
X6406	    2.1362986284559009e-10
X6408	    1.9223716155161290e-06
X6409	    4.0035568336155944e-06
X6412	    1.2972747884752922e-05
X6416	    4.4566031993131169e-07
X6419	    2.3955509236641394e-06
X6423	    2.4242424453147471e-09
X6427	    1.3014881590426878e-05
X6440	    9.6024426720517188e-09
X6442	    1.7906008751589654e-06
X6443	    1.7906008751589654e-06
X6444	    1.7906008751589654e-06
X6445	    1.7906008751589654e-06
X6446	    1.7906008751589654e-06
X6447	    1.7906008751589654e-06
X6448	    1.7906008751589654e-06
X6449	    1.7906008751589654e-06
X6450	    1.7906008751589654e-06
X6451	    3.5812017503179308e-06
X6452	    1.7906008751589654e-06
X6460	    4.2191033120933118e-06
X6461	    4.2191033120933118e-06
X6462	    4.2191033120933118e-06
X6463	    4.2191033120933118e-06
X6464	    4.2191033120933118e-06
X6465	    4.2191033120933118e-06
X6466	    4.2191033120933118e-06
X6467	    4.2191033120933118e-06
X6468	    4.2191033120933118e-06
X6469	    4.2191033120933118e-06
X6470	    3.3695559757391959e-11
X6473	    2.4673314280146441e-06
X6474	    5.9636242371113760e-07
X6478	    1.8187668382848460e-08
X6479	    4.1637393943056765e-08
X6480	    1.3508949337386017e-12
X6483	    1.3493611243826643e-07
X6487	    2.2124702166557106e-07
X6488	    2.7979822152286312e-06
X6489	    7.0318315884861192e-07
X6493	    1.7918961695288352e-05
X6495	    1.2315034851708063e-06
X6498	    2.5291708723194111e-07
X6501	    4.0012991235629097e-06
X6502	    9.2692146184851191e-06
X6505	    2.5288611583479151e-10
X6509	    9.4902638181456107e-10
X6516	    1.0448319427645244e-04
X6523	    1.2861472355703944e-08
X6526	    9.9741871274027088e-07
X6527	    3.1919508851292573e-09
X6528	    3.1919508851292573e-09
X6529	    1.4351029948731583e-06
X6530	    3.1919508851292573e-09
X6531	    2.7028406705779282e-06
X6535	    1.0873493242340355e-07
X6537	    2.7183733105850886e-08
X6541	    1.9483720663839883e-05
X6542	    8.7397921041342629e-07
X6551	    6.0662602603516333e-09
X6556	    3.8445691026403545e-10
X6557	    2.6691866828562098e-05
X6561	    3.2937289922430553e-06
X6562	    1.2437257913417786e-08
X6563	    1.6601643147348686e-06
X6564	    9.2346640007127072e-08
X6568	    2.2923275181759504e-05
X6571	    8.3198004630268296e-07
X6572	    1.0702193966823979e-06
X6573	    7.1738536391843619e-07
X6574	    8.6656647126206066e-08
X6576	    5.7035802669995787e-08
X6577	    5.8663202495323426e-06
X6578	    3.4354340264349034e-10
X6579	    9.3997292112177209e-10
X6585	    1.8915468342147092e-08
X6586	    2.1203864254549610e-05
X6588	    2.1203864254549610e-05
X6592	    7.1035876928559277e-07
X6593	    3.6938656002850829e-09
X6595	    9.9467157756575650e-07
X6598	    1.6090462841925303e-06
X6600	    1.9051683708706290e-06
X6604	    1.4971465855692164e-07
X6605	    1.4971465855692164e-07
X6609	    2.3443337703286121e-05
X6611	    3.9698488296002786e-07
X6615	    3.9141942265742023e-09
X6618	    3.3917651767735278e-07
X6619	    3.3917651767735278e-07
X6625	    2.3887545543239610e-08
X6627	    1.5289135129327143e-08
X6632	    1.2426057602096465e-07
X6633	    4.1215877463383741e-07
X6636	    3.3279201852107318e-06
X6638	    2.6944350788951046e-07
X6639	    4.0712394866413743e-08
X6643	    5.7134789630311009e-08
X6645	    1.6129309179749870e-07
X6646	    1.5798658341565000e-06
X6648	    6.3855853702243108e-06
X6650	    1.3834922097714291e-06
X6653	    6.4412236695652170e-12
X6654	    3.9084106929517027e-07
X6655	    2.0100397849465899e-06
X6664	    4.3493821694205595e-07
X6668	    9.0269152373278120e-09
X6676	    4.2152777597138884e-08
X6678	    7.5324927724111582e-06
X6679	    3.0928024851948128e-06
X6680	    5.8079176883033137e-07
X6685	    7.6359404648086288e-09
X6688	    8.0652332294343852e-06
X6691	    1.0727026690220640e-07
X6693	    4.0819067953652844e-08
X6696	    3.2076065185005768e-09
X6698	    3.9729013387333331e-07
X6703	    1.2329088104107871e-08
X6704	    1.2329088104107871e-08
X6706	    2.8346222210833865e-08
X6707	    2.1420754259326772e-06
X6709	    1.1732640499064685e-05
X6712	    4.6470377147796057e-06
X6713	    4.6470377147796057e-06
X6715	    1.0299431055337481e-06
X6717	    3.4096287585447594e-06
X6718	    2.4823519822889170e-07
X6720	    3.1461038666982877e-06
X6721	    5.6479674826380796e-06
X6722	    7.1812083370749997e-06
X6723	    2.8968220430112621e-06
X6729	    3.4104309283234432e-07
X6730	    6.9205513760901871e-08
X6731	    2.5480017706172066e-08
X6732	    3.4104309283234432e-07
X6733	    2.4699414303841899e-07
X6734	    2.4699414303841899e-07
X6738	    7.8772590352935723e-05
X6739	    1.4694726192344836e-05
X6743	    2.1829155391123783e-09
X6744	    6.0442602656723949e-07
X6745	    2.8557984855456589e-07
X6747	    1.4503152651252621e-06
X6748	    9.4577341710735460e-09
X6753	    1.7246982644809756e-06
X6754	    2.8638220879760579e-06
X6755	    2.8638220879760579e-06
X6756	    1.4319110439880289e-06
X6757	    7.1595552199401451e-06
X6758	    1.2769768800449127e-05
X6761	    6.3492061885714285e-10
X6765	    2.3833543496682670e-08
X6768	    1.9619754041326828e-06
X6770	    1.1600317628241022e-07
X6773	    7.5232238229497929e-07
X6774	    6.4391808728183971e-08
X6775	    1.8072359999876339e-09
X6776	    1.8072359999876339e-09
X6782	    2.7691326503468841e-06
X6790	    3.5285188325436477e-06
X6791	    4.9666575688379515e-07
X6792	    1.3056242830888775e-08
X6794	    1.3056242830888775e-08
X6795	    1.3056242830888775e-08
X6796	    1.3056242830888775e-08
X6801	    9.5766424586382683e-09
X6802	    9.5766424586382683e-09
X6807	    2.2963761119483318e-10
X6809	    1.5060666692528394e-07
X6811	    3.0427986541327816e-06
X6813	    3.9024389573550137e-08
X6816	    6.3931665851586826e-06
X6818	    4.8937256655897201e-06
X6819	    2.9574747958699556e-06
X6820	    7.8839516669321640e-07
X6821	    5.1332006473748105e-07
X6823	    1.2517234852197343e-06
X6828	    1.2099751807646654e-08
X6832	    1.8915468342147092e-08
X6834	    1.7572470089854644e-11
X6851	    2.8611040346284359e-05
X6859	    5.2342767360120172e-06
X6871	    6.4589353353773800e-05
X6874	    1.1689311635324074e-06
X6877	    2.1373239988891902e-05
X6881	    2.1631783330307358e-06
X6885	    1.1689311635324074e-06
X6886	    7.4668313129682267e-07
X6892	    8.4212839844113409e-06
X6909	    3.3695559757391959e-11
X6922	    1.7633404168522637e-07
X6926	    2.8852891698523983e-08
X6931	    2.7313287890417229e-09
X6949	    1.8774954029512752e-08
X6961	    2.0453205202554122e-08
X6964	    5.7870854490773931e-07
X6965	    1.1717933319764141e-06
X6967	    9.3897650473279926e-07
X6974	    9.0541087238212882e-10
X6986	    3.6148036777203939e-07
X6987	    3.3979292423371568e-07
X6991	    4.0434674147081119e-12
X6997	    9.3890633288106631e-05
X7008	    1.2777991116260975e-07
X7011	    1.3001130069100945e-05
X7013	    1.3001130069100945e-05
X7014	    3.3695559636087945e-09
X7017	    7.8738741268170169e-07
X7018	    4.6410461968339450e-06
X7019	    4.6410461968339450e-06
X7026	    4.5368460568150423e-07
X7027	    1.3070519344880334e-07
X7028	    1.3070519344880334e-07
X7029	    1.1873980993496242e-05
X7038	    6.6453247908911677e-06
X7040	    1.6484844240369806e-07
X7043	    1.6035191741022301e-09
X7044	    1.7814412835469756e-09
X7048	    3.0340982638247391e-07
X7049	    1.7633404168522637e-07
X7050	    2.8852891698523983e-08
X7052	    1.4893927242036148e-07
X7055	    3.4788775741207363e-07
X7091	    4.5622700494445532e-10
X7103	    8.6166350765273263e-11
X7123	    3.4799186627499113e-08
X7167	    1.1932066554402978e-08
X7201	    1.3243023799909384e-09
X7215	    1.3656643945208615e-09
X7217	    4.1778312495598178e-10
X7240	    1.4055096014054770e-09
X7261	    4.6801279575640338e-10
X7263	    8.9716355180083775e-09
X7267	    4.1778312495598178e-10
X7268	    4.7451319090728054e-10
X7269	    4.7451319090728054e-10
X7270	    4.7451319090728054e-10
X21546	    9.3542533295751750e-08
X21552	    2.3385633323937938e-08
X21556	    1.5284727662704535e-09
X21558	    1.2992018513298854e-07
X21560	    1.7743272628177494e-08
X21562	    4.0320057455065408e-08
X21564	    2.9232041654922422e-06
X21566	    1.6704023802812813e-06
X21568	    5.1968074053195415e-07
X21570	    3.2302211839665835e-06
X21572	    2.2272031737083752e-08
X21574	    1.6140051216056558e-07
X21576	    5.8464083309844844e-06
X21578	    1.6704023802812813e-06
X21580	    5.1968074053195415e-07
X21582	    5.1968074053195415e-07
X21584	    8.2498434826195099e-07
X21586	    4.2063246631599716e-06
X21588	    1.1546134568411865e-06
X21590	    1.3517707123663547e-07
X21592	    2.6789416174868165e-06
X2101	    2.3489303750787556e+01
X2079	    2.5360001018399999e-05
X1464	    1.5158311171940415e+01
X1057	    5.9931874339456037e-01
X6117	   -2.1047069991544142e-03
X1096	    1.5823090995532852e-02
X6313	    7.1512250971665590e-06
X2163	    3.5924263054827327e-01
X2092	    1.4750972979448716e-02
X2094	   -9.9998936683990053e+02
X4575	    2.4357740861985003e-02
X2355	    7.9076115404345896e-05
X4582	    2.0932614088453223e-02
X6097	    2.1453698555853201e-04
X6096	    2.1453698555853201e-04
X862	    1.4750972979448716e-02
X565	    1.3336417361703120e+01
X1271	    1.3308636581414801e+01
X1221	    4.2278725534984032e-02
X2083	   -2.5360001018399999e-05
X2143	   -2.5360001018399999e-05
X825	    2.9547584838714874e-02
X2086	   -2.8437585014816996e-01
X2300	   -2.8437585014816996e-01
X1067	    2.6940804892183639e+01
X2046	   -1.5158311171940415e+01
X2105	    4.5638879817443651e-05
X6108	    1.0228807499345589e-05
X7273	    6.0097041872522772e-06
X7541	    3.5285188325436477e-06
X7612	    4.2191033120933118e-06
X7620	    4.2191033120933118e-06
X7946	    1.3056242830888775e-08
X8369	    4.1778312495598178e-10
X17897	    3.9999999999999997e-01
X1515	    3.2423604054714289e-04
X6115	    1.3056242830888775e-08
X21547	    9.3542533295751750e-08
X21563	    4.0320057455065408e-08
X1263	    7.4800049046356587e-01
X573	    3.9999998987999998e-06
X2234	    1.0000000000000000e+03
X1445	    3.9999998987999998e-06
X4571	    1.9569158597742997e-02
X4619	    8.2116216905775211e-03
X7594	    1.7906008751589654e-06
X8181	    1.1873980993496242e-05
X8255	    8.6166350765273263e-11
X21569	    5.1968074053195415e-07
X21577	    5.8464083309844844e-06
X21581	    5.1968074053195415e-07
X21583	    5.1968074053195415e-07
X21587	    4.2063246631599716e-06
X1072	    2.8437585014816996e-01
X1995	    1.5165301617858624e+00
X2172	   -8.8642754516144617e-02
X5314	    2.1453698555853201e-04
X1986	   -2.5372173190813578e+00
X2387	    1.4750972979448716e-02
X4584	    3.4251267735317822e-03
X1753	    2.4279999895951998e-03
X2372	    3.9999998987999998e-06
X2386	    1.4750972979448716e-02
X1839	    4.0336818035784386e-02
X2399	   -4.8000001679999998e-07
X5170	    3.9999999999999997e-01
X2421	   -1.1960845416764172e-01
X2313	   -3.4251267735317822e-03
X2319	   -2.4279999895951998e-03
X7291	    1.3364260216060382e-06
X7307	    1.1208088505271139e-06
X7348	    1.0682352638209511e-07
X7579	    1.3014881590426878e-05
X7625	    2.4673314280146441e-06
X7626	    5.9636242371113760e-07
X7747	    9.9467157756575650e-07
X7800	    6.3855853702243108e-06
X7828	    4.2152777597138884e-08
X7859	    2.1420754259326772e-06
X7910	    1.2769768800449127e-05
X2354	   -5.1126151539245871e-05
X7314	    4.0744260642206453e-07
X7534	    5.9348797457143538e-08
X7724	    1.0702193966823979e-06
X7730	    3.4354340264349034e-10
X7971	    2.9574747958699556e-06
X8170	    4.6410461968339450e-06
X8171	    4.6410461968339450e-06
X2382	   -5.6355173121236644e-05
X2392	   -4.0336818035784386e-02
X5096	    5.7021859437838564e-04
X5105	    2.6163603492900221e-03
X5172	    3.9999999999999997e-01
X2144	   -2.5360001018399999e-05
X1940	   -2.5360001018399999e-05
X2001	    2.7616061947724191e+01
X2100	    2.3489303750787556e+01
X4610	   -2.3363384923205557e-03
X5082	    2.3363384923205557e-03
X2145	    2.5360001018399999e-05
X4269	    2.3363384923205557e-03
X2338	   -3.2646371066089905e+00
X4551	    5.7809834762819284e-02
X4615	    7.6289166125393390e-03
X2445	    3.9999999999999997e-01
X2446	    3.9999999999999997e-01
X2712	    7.6289166125393390e-03
X2713	    5.8270507803818159e-04
X2742	    7.6289166125393390e-03
X2745	    5.8270507803818159e-04
X2501	    1.5516013514307444e-02
X2522	    1.5516013514307444e-02
X2904	    4.9840782758398469e-03
X2906	    7.9754619518992292e-03
X2908	    3.1865789436684080e-03
X2912	    7.6289166125393390e-03
X2914	    5.8270507803818159e-04
X2932	    4.9840782758398469e-03
X2933	    4.5503351783674467e-03
X2934	    3.1865789436684080e-03
X2936	    7.6289166125393390e-03
X2937	    5.8270507803818159e-04
X2941	    3.4251267735317822e-03
X2977	    4.9840782758398469e-03
X2981	    5.7021859437838564e-04
X2985	    7.6289166125393390e-03
X2987	    5.8270507803818159e-04
X2992	    4.9840782758398469e-03
X2994	    5.7021859437838564e-04
X2996	    7.6289166125393390e-03
X2997	    5.8270507803818159e-04
X3000	    4.9840782758398469e-03
X3002	    5.7021859437838564e-04
X3004	    7.6289166125393390e-03
X3005	    5.8270507803818159e-04
X2510	    1.5516013514307444e-02
X2754	    3.4230394263355135e-03
X4616	    5.8270507803818159e-04
X4618	    8.2116216905775211e-03
X4807	    7.6289166125393390e-03
X4808	    5.8270507803818159e-04
X4596	    2.3363384923205557e-03
X4754	    2.3363384923205557e-03
X5122	    3.4230394263355135e-03
X4630	   -2.3363384923205557e-03
X2952	    4.9840782758398469e-03
X2953	    1.2983021189353345e-03
X2954	    3.1865789436684080e-03
X2956	    7.6289166125393390e-03
X2957	    5.8270507803818159e-04
X4817	    4.9840782758398469e-03
X4818	    1.2983021189353345e-03
X5086	    3.2520330594321125e-03
X4819	    3.1865789436684080e-03
X4821	    7.6289166125393390e-03
X4822	    5.8270507803818159e-04
X4601	   -3.4251267735317822e-03
X4825	    4.9840782758398469e-03
X4826	    1.2983021189353345e-03
X4827	    3.1865789436684080e-03
X4829	    7.6289166125393390e-03
X4830	    5.8270507803818159e-04
X5104	    1.2983021189353345e-03
X5094	    4.9840782758398469e-03
X5098	    7.6289166125393390e-03
X5099	    5.8270507803818159e-04
X5071	    3.4251267735317822e-03
X5080	    2.7223200257867996e-03
X5093	    2.3803200758991997e-03
X5102	    1.0313200317323199e-02
X5111	    2.7717200480399996e-03
X5144	    2.7428400050847996e-03
X7298	    2.8033094630895373e-06
X7363	    6.1906833090433700e-06
X7503	    9.8833564308703930e-09
X7689	    2.7183733105850886e-08
X7745	    3.6938656002850829e-09
X7318	    1.1851687727466747e-06
X7350	    2.3278378040672422e-05
X7396	    3.2243274792870944e-07
X7406	    1.4829105903274971e-05
X7415	    1.1939736825988699e-11
X7538	    2.3136883868152059e-08
X7547	    3.5792853896143649e-04
X7550	    2.2889843719542202e-10
X7560	    1.9223716155161290e-06
X7598	    1.7906008751589654e-06
X7635	    1.3493611243826643e-07
X7653	    4.0012991235629097e-06
X7703	    6.0662602603516333e-09
X7713	    3.2937289922430553e-06
X7720	    2.2923275181759504e-05
X7728	    5.7035802669995787e-08
X7729	    5.8663202495323426e-06
X7798	    1.5798658341565000e-06
X7802	    1.3834922097714291e-06
X7895	    2.1829155391123783e-09
X7899	    1.4503152651252621e-06
X7905	    1.7246982644809756e-06
X7913	    6.3492061885714285e-10
X7922	    1.1600317628241022e-07
X7963	    3.0427986541327816e-06
X7497	    4.9704230408385859e-07
X7917	    2.3833543496682670e-08
X7490	    9.3075685111353004e-08
X7970	    4.8937256655897201e-06
X8169	    7.8738741268170169e-07
X6116	   -3.2423604054714289e-04
X7292	    1.2132520520703267e-08
X7328	    8.8827322119361530e-07
X7331	    1.2897769357106974e-05
X7357	    4.4888759998025451e-05
X7365	    1.4133231711599925e-09
X7366	    9.5092351892585598e-07
X7382	    2.9924605950659027e-07
X7392	    4.2384817235108439e-06
X7431	    1.7558820582494221e-06
X7442	    6.0624869714685259e-07
X7443	    3.0576021247406480e-06
X7456	    1.0645618492109490e-07
X7468	    2.1453675291499676e-05
X7474	    2.1453675291499676e-05
X7531	    1.5026471939057985e-07
X7564	    1.2972747884752922e-05
X7575	    2.4242424453147471e-09
X7622	    3.3695559757391959e-11
X7723	    8.3198004630268296e-07
X7750	    1.6090462841925303e-06
X7756	    1.4971465855692164e-07
X7757	    1.4971465855692164e-07
X7763	    3.9698488296002786e-07
X7795	    5.7134789630311009e-08
X7806	    3.9084106929517027e-07
X7820	    9.0269152373278120e-09
X7831	    3.0928024851948128e-06
X7832	    5.8079176883033137e-07
X7840	    8.0652332294343852e-06
X7848	    3.2076065185005768e-09
X7858	    2.8346222210833865e-08
X7864	    4.6470377147796057e-06
X7865	    4.6470377147796057e-06
X7867	    1.0299431055337481e-06
X7872	    3.1461038666982877e-06
X7875	    2.8968220430112621e-06
X7881	    3.4104309283234432e-07
X7884	    3.4104309283234432e-07
X7890	    7.8772590352935723e-05
X7943	    4.9666575688379515e-07
X7975	    1.2517234852197343e-06
X7980	    1.2099751807646654e-08
X8196	    1.7814412835469756e-09
X8200	    3.0340982638247391e-07
X7595	    1.7906008751589654e-06
X6075	   -4.3995800307247828e-05
X6069	   -2.3255748344512758e-05
X6070	   -9.2461003069278197e-05
X6071	   -1.0650228523427744e-03
X6072	   -2.1363137897741804e-03
X7320	    6.6658861634281378e-10
X7615	    4.2191033120933118e-06
X7947	    1.3056242830888775e-08
X7306	    3.5007823440020163e-06
X7312	    3.7716428765721627e-05
X7524	    6.8967892397073303e-07
X7561	    4.0035568336155944e-06
X7954	    9.5766424586382683e-09
X7278	    2.2942987412551875e-06
X7280	    1.3070519344880334e-07
X7283	    7.6656445820441375e-07
X7284	    1.5956222895399925e-07
X7293	    1.1049734989957508e-06
X7294	    8.4172331063296812e-07
X7309	    2.1697678760569928e-08
X7310	    4.1804824102913834e-07
X7311	    2.6895896722523046e-08
X7313	    2.6613439113772452e-12
X7321	    6.6658861634281378e-10
X7337	    3.7138976804627004e-06
X7345	    9.6843022485653880e-06
X7346	    7.2085377332615589e-08
X7356	    1.7405797159004714e-05
X7360	    4.6900928315420436e-06
X7362	    3.0953416545216850e-06
X7364	    9.6818017023992538e-09
X7367	    2.2029338260701536e-06
X7372	    3.3695559757391959e-11
X7373	    6.4414900483823477e-06
X7376	    8.3204370303408182e-08
X7384	    9.6592082498962671e-06
X7388	    1.8348470665646153e-06
X7390	    5.5369013646620861e-10
X7391	    3.6557834745911165e-06
X7393	    1.0186065160551613e-06
X7395	    3.9331365769911497e-12
X7411	    1.3433995054876307e-05
X7430	    1.7558820582494221e-06
X7433	    1.7558820582494221e-06
X7444	    3.3660444443416782e-06
X7447	    2.2125117992269804e-07
X7448	    5.7870854490773931e-07
X7449	    2.3705483563146216e-06
X7452	    1.3073639773470714e-06
X7453	    1.6046336436247984e-06
X7455	    1.1088932266985344e-07
X7457	    4.3673453785394089e-07
X7459	    1.7261109983634675e-07
X7460	    9.8572134513075878e-07
X7463	    4.6686131985861559e-08
X7464	    1.9339610472696765e-06
X7465	    7.1512250971665590e-06
X7466	    7.1512250971665590e-06
X7467	    7.1512250971665585e-05
X7469	    7.1512250971665590e-06
X7470	    7.1512250971665590e-06
X7471	    7.1512250971665590e-06
X7472	    7.1512250971665590e-06
X7473	    7.1512250971665590e-06
X7475	    7.1512250971665590e-06
X7476	    7.1512250971665590e-06
X7477	    7.1512250971665590e-06
X7478	    7.1512250971665590e-06
X7479	    7.1512250971665590e-06
X7493	    1.2426057602096465e-07
X7495	    2.4852115204192930e-07
X7496	    4.4904027334699287e-06
X7500	    1.2426057602096465e-07
X7504	    9.8833564308703930e-09
X7522	    3.7839559072760615e-08
X7523	    3.5109192865746227e-05
X7527	    3.4726278919538314e-07
X7529	    3.7830936684294184e-08
X7536	    2.6297785805572619e-08
X7542	    3.5285188325436477e-06
X7551	    1.4630645552450159e-09
X7557	    1.4158067403694685e-08
X7558	    2.1362986284559009e-10
X7568	    4.4566031993131169e-07
X7571	    2.3955509236641394e-06
X7592	    9.6024426720517188e-09
X7596	    1.7906008751589654e-06
X7597	    1.7906008751589654e-06
X7599	    1.7906008751589654e-06
X7600	    1.7906008751589654e-06
X7601	    1.7906008751589654e-06
X7602	    1.7906008751589654e-06
X7603	    3.5812017503179308e-06
X7604	    1.7906008751589654e-06
X7613	    4.2191033120933118e-06
X7614	    4.2191033120933118e-06
X7616	    4.2191033120933118e-06
X7617	    4.2191033120933118e-06
X7618	    4.2191033120933118e-06
X7619	    4.2191033120933118e-06
X7621	    4.2191033120933118e-06
X7630	    1.8187668382848460e-08
X7631	    4.1637393943056765e-08
X7632	    1.3508949337386017e-12
X7639	    2.2124702166557106e-07
X7640	    2.7979822152286312e-06
X7641	    7.0318315884861192e-07
X7645	    1.7918961695288352e-05
X7647	    1.2315034851708063e-06
X7650	    2.5291708723194111e-07
X7654	    9.2692146184851191e-06
X7657	    2.5288611583479151e-10
X7661	    9.4902638181456107e-10
X7668	    1.0448319427645244e-04
X7675	    1.2861472355703944e-08
X7678	    9.9741871274027088e-07
X7679	    3.1919508851292573e-09
X7680	    3.1919508851292573e-09
X7681	    1.4351029948731583e-06
X7682	    3.1919508851292573e-09
X7683	    2.7028406705779282e-06
X7687	    1.0873493242340355e-07
X7693	    1.9483720663839883e-05
X7694	    8.7397921041342629e-07
X7708	    3.8445691026403545e-10
X7709	    2.6691866828562098e-05
X7714	    1.2437257913417786e-08
X7715	    1.6601643147348686e-06
X7716	    9.2346640007127072e-08
X7725	    7.1738536391843619e-07
X7726	    8.6656647126206066e-08
X7731	    9.3997292112177209e-10
X7737	    1.8915468342147092e-08
X7738	    2.1203864254549610e-05
X7740	    2.1203864254549610e-05
X7744	    7.1035876928559277e-07
X7752	    1.9051683708706290e-06
X7761	    2.3443337703286121e-05
X7767	    3.9141942265742023e-09
X7770	    3.3917651767735278e-07
X7771	    3.3917651767735278e-07
X7777	    2.3887545543239610e-08
X7779	    1.5289135129327143e-08
X7784	    1.2426057602096465e-07
X7785	    4.1215877463383741e-07
X7788	    3.3279201852107318e-06
X7790	    2.6944350788951046e-07
X7791	    4.0712394866413743e-08
X7797	    1.6129309179749870e-07
X7805	    6.4412236695652170e-12
X7807	    2.0100397849465899e-06
X7816	    4.3493821694205595e-07
X7830	    7.5324927724111582e-06
X7837	    7.6359404648086288e-09
X7843	    1.0727026690220640e-07
X7845	    4.0819067953652844e-08
X7850	    3.9729013387333331e-07
X7855	    1.2329088104107871e-08
X7856	    1.2329088104107871e-08
X7861	    1.1732640499064685e-05
X7869	    3.4096287585447594e-06
X7870	    2.4823519822889170e-07
X7873	    5.6479674826380796e-06
X7874	    7.1812083370749997e-06
X7882	    6.9205513760901871e-08
X7883	    2.5480017706172066e-08
X7885	    2.4699414303841899e-07
X7886	    2.4699414303841899e-07
X7891	    1.4694726192344836e-05
X7896	    6.0442602656723949e-07
X7897	    2.8557984855456589e-07
X7900	    9.4577341710735460e-09
X7906	    2.8638220879760579e-06
X7907	    2.8638220879760579e-06
X7908	    1.4319110439880289e-06
X7909	    7.1595552199401451e-06
X7920	    1.9619754041326828e-06
X7925	    7.5232238229497929e-07
X7926	    6.4391808728183971e-08
X7927	    1.8072359999876339e-09
X7928	    1.8072359999876339e-09
X7934	    2.7691326503468841e-06
X7942	    3.5285188325436477e-06
X7944	    1.3056242830888775e-08
X7948	    1.3056242830888775e-08
X7953	    9.5766424586382683e-09
X7959	    2.2963761119483318e-10
X7961	    1.5060666692528394e-07
X7965	    3.9024389573550137e-08
X7968	    6.3931665851586826e-06
X7972	    7.8839516669321640e-07
X7973	    5.1332006473748105e-07
X7984	    1.8915468342147092e-08
X7986	    1.7572470089854644e-11
X8003	    2.8611040346284359e-05
X8011	    5.2342767360120172e-06
X8023	    6.4589353353773800e-05
X8026	    1.1689311635324074e-06
X8029	    2.1373239988891902e-05
X8033	    2.1631783330307358e-06
X8037	    1.1689311635324074e-06
X8038	    7.4668313129682267e-07
X8044	    8.4212839844113409e-06
X8061	    3.3695559757391959e-11
X8074	    1.7633404168522637e-07
X8078	    2.8852891698523983e-08
X8083	    2.7313287890417229e-09
X8101	    1.8774954029512752e-08
X8113	    2.0453205202554122e-08
X8116	    5.7870854490773931e-07
X8117	    1.1717933319764141e-06
X8119	    9.3897650473279926e-07
X8126	    9.0541087238212882e-10
X8138	    3.6148036777203939e-07
X8139	    3.3979292423371568e-07
X8143	    4.0434674147081119e-12
X8149	    9.3890633288106631e-05
X8160	    1.2777991116260975e-07
X8163	    1.3001130069100945e-05
X8165	    1.3001130069100945e-05
X8166	    3.3695559636087945e-09
X8178	    4.5368460568150423e-07
X8179	    1.3070519344880334e-07
X8180	    1.3070519344880334e-07
X8190	    6.6453247908911677e-06
X8192	    1.6484844240369806e-07
X8195	    1.6035191741022301e-09
X8201	    1.7633404168522637e-07
X8202	    2.8852891698523983e-08
X8204	    1.4893927242036148e-07
X8207	    3.4788775741207363e-07
X8243	    4.5622700494445532e-10
X8275	    3.4799186627499113e-08
X8319	    1.1932066554402978e-08
X8353	    1.3243023799909384e-09
X8367	    1.3656643945208615e-09
X8392	    1.4055096014054770e-09
X8413	    4.6801279575640338e-10
X8415	    8.9716355180083775e-09
X8419	    4.1778312495598178e-10
X8420	    4.7451319090728054e-10
X8421	    4.7451319090728054e-10
X8422	    4.7451319090728054e-10
X8967	    1.7906008751589654e-06
X8971	    4.2191033120933118e-06
X8433	    2.2942987412551875e-06
X10428	    1.3070519344880334e-07
X8437	    7.6656445820441375e-07
X8438	    1.5956222895399925e-07
X8445	    1.3527242687175650e-08
X8549	    1.3201277744945113e-08
X8907	    6.0662602603516333e-09
X8911	    6.0662602603516333e-09
X8447	    1.1049734989957508e-06
X9456	    6.8873507202068267e-07
X9691	    1.5298823861228537e-07
X8455	    1.4016547315447687e-06
X8459	    1.7503911720010081e-06
X8493	    1.7503911720010081e-06
X8462	    1.1208088505271139e-06
X9726	    2.1697678760569928e-08
X8470	    2.9722988555324812e-07
X9236	    1.7778661817430857e-08
X9280	    1.0303969365845935e-07
X10400	    2.6895896722523046e-08
X8467	    1.8858214382860813e-05
X9119	    1.8858214382860813e-05
X8469	    2.6613439113772452e-12
X8472	    4.0744260642206453e-07
X8480	    1.3524738637712680e-07
X8481	    1.5981551746040378e-07
X8503	    5.4481279317994536e-07
X9613	    2.1142546516273506e-07
X9614	    1.3386761056646369e-07
X9098	    1.9808541587432141e-10
X13154	    2.4602315204666002e-10
X13156	    2.2248004842183235e-10
X8494	    8.8827322119361530e-07
X9552	    1.2897769357106974e-05
X9665	    3.7138976804627004e-06
X8520	    9.6843022485653880e-06
X8521	    7.2085377332615589e-08
X8523	    5.3411763191047556e-08
X9321	    2.3278378040672422e-05
X8538	    1.7405797159004714e-05
X8547	    2.9332430907773452e-05
X9245	    1.5556329090251999e-05
X8557	    1.1725232078855109e-06
X8563	    3.0953416545216850e-06
X12562	    9.6818017023992538e-09
X8567	    4.7110772371999750e-10
X8566	    9.5092351892585598e-07
X8569	    2.4783005543289229e-07
X9359	    3.0290340108464611e-07
X8574	    3.3695559757391959e-11
X8576	    6.4414900483823477e-06
X8586	    3.4688003370074264e-08
X10730	    1.9681058818301369e-08
X10733	    2.8835308115032546e-08
X8614	    2.9924605950659027e-07
X8616	    9.6592082498962671e-06
X8621	    1.8346427242948176e-06
X10287	    2.0434226979764437e-10
X8623	    5.5369013646620861e-10
X8626	    1.5511580670546973e-06
X8627	    2.1046254075364193e-06
X8629	    4.2384817235108439e-06
X8630	    1.0186065160551613e-06
X8632	    1.9665682884955749e-12
X8633	    3.2243274792870944e-07
X10395	    3.7072764758187429e-06
X10397	    1.3433995054876307e-05
X8696	    1.1939736825988699e-11
X8714	    8.7794102912471106e-07
X9684	    8.7794102912471106e-07
X8724	    6.0624869714685259e-07
X8725	    3.0576021247406480e-06
X9153	    3.0844231960103025e-07
X8730	    2.2125117992269804e-07
X8732	    5.7870854490773931e-07
X8734	    2.3705483563146216e-06
X8737	    1.3073639773470714e-06
X8738	    1.6046336436247984e-06
X8740	    1.0100596623898305e-07
X8779	    9.8833564308703930e-09
X8741	    1.0645618492109490e-07
X8743	    2.1836726892697044e-07
X8747	    1.7261109983634675e-07
X8748	    4.9286067256537939e-07
X9643	    4.6686131985861559e-08
X8753	    1.9339610472696765e-06
X8754	    7.1512250971665590e-06
X8759	    9.3075685111353004e-08
X8764	    1.2426057602096465e-07
X8766	    1.2426057602096465e-07
X8767	    1.2426057602096465e-07
X8768	    2.2452013667349643e-06
X8769	    2.2452013667349643e-06
X8770	    1.2426057602096465e-07
X8771	    1.2426057602096465e-07
X8772	    1.2426057602096465e-07
X8773	    1.2426057602096465e-07
X8776	    1.2426057602096465e-07
X8809	    1.8919779536380307e-08
X8810	    8.7772982164365567e-06
X8811	    3.4483946198536652e-07
X8858	    3.4483946198536652e-07
X8855	    3.4726278919538314e-07
X8862	    1.8915468342147092e-08
X8866	    1.5026471939057985e-07
X8869	    2.9674398728571769e-08
X8871	    2.6297785805572619e-08
X8873	    2.3136883868152059e-08
X8876	    3.5285188325436477e-06
X8984	    3.5792853896143649e-04
X8887	    2.2889843719542202e-10
X8892	    5.9259262073925918e-10
X9095	    1.3893965688324872e-10
X8904	    1.4158067403694685e-08
X8906	    2.1362986284559009e-10
X8910	    1.9223716155161290e-06
X8913	    2.9036143726886853e-06
X8914	    1.0999424609269091e-06
X8917	    5.9047931332363859e-06
X8999	    7.0679547515165366e-06
X8924	    4.4566031993131169e-07
X8926	    2.3955509236641394e-06
X8930	    2.4242424453147471e-09
X8935	    6.5074407952134392e-06
X8962	    4.8012213360258594e-09
X10300	    3.3695559757391959e-11
X8977	    5.3568123741494432e-07
X9317	    1.2578187287625954e-06
X9326	    6.7383146183710466e-07
X8980	    2.6564591247950725e-07
X9315	    2.1535028638338724e-07
X9328	    1.1536622484824315e-07
X8987	    7.1975923254553355e-11
X8988	    4.4749411724575622e-09
X8990	    4.1637393943056765e-08
X8992	    6.7544746686930084e-13
X8993	    6.7544746686930084e-13
X8997	    6.7468056219133217e-08
X9702	    6.7468056219133217e-08
X9002	    2.2124702166557106e-07
X9003	    2.7979822152286312e-06
X9005	    7.0318315884861192e-07
X9009	    1.7918961695288352e-05
X9011	    6.1575174258540317e-07
X9014	    2.5291708723194112e-08
X9017	    4.0012991235629097e-06
X9018	    9.2692146184851191e-06
X9663	    1.2644305791739575e-10
X9037	    4.7451319090728054e-10
X13157	    4.5408381820744195e-11
X13158	    4.2910480908653635e-10
X9042	    1.0448319427645244e-04
X9051	    6.4307361778519720e-09
X9055	    9.9741871274027088e-07
X9056	    3.1919508851292573e-09
X9556	    1.1932592033233575e-07
X9057	    2.7028406705779282e-06
X9069	    2.7183733105850886e-08
X9074	    1.9483720663839883e-05
X9075	    8.7397921041342629e-07
X9090	    6.0662602603516333e-09
X9099	    3.8445691026403545e-10
X9104	    2.6691866828562098e-05
X9111	    2.5474935174379879e-06
X9505	    3.7311773740253361e-07
X9506	    3.7311773740253361e-07
X9112	    1.2437257913417786e-08
X9113	    1.6601643147348686e-06
X9114	    9.2346640007127072e-08
X10315	    2.2923275181759504e-05
X9125	    8.3198004630268296e-07
X9126	    5.3510969834119895e-07
X9128	    7.1738536391843619e-07
X9129	    8.6656647126206066e-08
X9566	    8.3005647933282784e-09
X9569	    2.0217336541669612e-08
X9464	    5.8663202495323426e-06
X9132	    3.4354340264349034e-10
X9139	    1.8915468342147092e-08
X9140	    2.1203864254549610e-05
X9143	    2.1203864254549610e-05
X9148	    7.1035876928559277e-07
X9149	    1.5391106667854512e-10
X9151	    9.9467157756575650e-07
X9158	    1.6090462841925303e-06
X9161	    9.5258418543531449e-07
X9510	    9.5258418543531449e-07
X9230	    3.7428664639230410e-08
X9239	    2.3443337703286121e-05
X9241	    3.9698488296002786e-07
X9252	    3.9141942265742023e-09
X9257	    3.3917651767735278e-07
X9547	    2.3887545543239610e-08
X9272	    1.5289135129327143e-08
X9278	    1.2426057602096465e-07
X9283	    4.1215877463383741e-07
X9297	    3.3279201852107318e-06
X9299	    2.6944350788951046e-07
X9302	    4.0712394866413743e-08
X9308	    5.7134789630311009e-08
X9312	    1.6129309179749870e-07
X9314	    1.5798658341565000e-06
X9320	    6.3855853702243108e-06
X9323	    6.9174610488571455e-07
X9330	    6.4412236695652170e-12
X9331	    3.9084106929517027e-07
X9335	    1.0050198924732950e-06
X9437	    4.3493821694205595e-07
X9384	    9.0269152373278120e-09
X9379	    4.2152777597138884e-08
X9383	    7.5324927724111582e-06
X9389	    1.5464012425974064e-06
X9390	    5.8079176883033137e-07
X9398	    7.6359404648086288e-09
X9408	    9.8123714678226210e-09
X9413	    4.7247554063755072e-07
X9426	    8.6191762613369086e-07
X9430	    3.6843233287627050e-08
X13126	    7.0427033614579353e-08
X9435	    4.0819067953652844e-08
X9440	    1.6038032592502884e-09
X9443	    1.9864506693666665e-07
X9457	    1.2329088104107871e-08
X13159	    2.8346222210833865e-08
X9460	    1.0710377129663386e-06
X9513	    1.0710377129663386e-06
X9468	    1.1617594286949014e-06
X9473	    1.0299431055337481e-06
X9476	    1.7048143792723797e-06
X9479	    2.4823519822889170e-07
X9481	    3.1461038666982877e-06
X9483	    5.6479674826380796e-06
X9488	    7.1812083370749997e-06
X9492	    2.8968220430112621e-06
X9504	    3.4104309283234432e-07
X9507	    6.9205513760901871e-08
X9512	    2.5480017706172066e-08
X9514	    3.4104309283234432e-07
X9515	    2.4699414303841899e-07
X9520	    7.8772590352935723e-05
X9521	    1.4694726192344836e-05
X9527	    2.7286444238904728e-10
X9530	    6.0442602656723949e-07
X9531	    2.8557984855456589e-07
X9533	    1.4503152651252621e-06
X9534	    9.4577341710735460e-09
X9549	    1.7246982644809756e-06
X9557	    3.1924422001122817e-06
X9562	    6.3492061885714285e-10
X9571	    3.8298368178586469e-09
X9587	    8.0869349304826882e-09
X9594	    4.9049385103317070e-07
X9597	    1.1600317628241022e-07
X9603	    3.7616119114748965e-07
X9604	    3.2195904364091986e-08
X9608	    1.8072359999876339e-09
X9612	    2.7691326503468841e-06
X9631	    3.5285188325436477e-06
X9632	    4.9666575688379515e-07
X9635	    1.3056242830888775e-08
X9644	    4.7883212293191342e-09
X9654	    1.1481880559741659e-10
X9661	    7.5303333462641971e-08
X9666	    3.0427986541327816e-06
X9668	    3.9024389573550137e-08
X9673	    6.3931665851586826e-06
X9677	    1.4658053898952888e-06
X9681	    9.8105744289957123e-07
X9685	    1.4787373979349778e-06
X9687	    7.8839516669321640e-07
X9689	    2.5666003236874053e-07
X9694	    6.2586174260986715e-07
X9703	    1.2099751807646654e-08
X9714	    1.8915468342147092e-08
X9716	    1.7572470089854644e-11
X9727	    2.8611040346284359e-05
X9741	    1.0723018034227149e-06
X10407	    4.1619749325893023e-06
X9759	    6.4589353353773800e-05
X9765	    1.1689311635324074e-06
X9768	    2.1373239988891902e-05
X9973	    2.1631783330307358e-06
X9784	    1.1689311635324074e-06
X9787	    7.4668313129682267e-07
X9865	    8.4212839844113409e-06
X9847	    3.3695559757391959e-11
X12449	    1.7633404168522637e-07
X9910	    2.8852891698523983e-08
X9915	    2.7313287890417229e-09
X13138	    7.7888133324301394e-10
X13144	    1.7996072696269736e-08
X10150	    2.0453205202554122e-08
X10154	    5.7870854490773931e-07
X10257	    1.1717933319764141e-06
X10162	    9.3897650473279926e-07
X10174	    4.3068108448526554e-10
X10196	    4.7472978789686327e-10
X10233	    3.6148036777203939e-07
X10234	    3.3979292423371568e-07
X10238	    4.0434674147081119e-12
X10249	    9.2828192868984048e-05
X10381	    1.2426057602096465e-07
X12446	    9.3817984310162576e-07
X10309	    1.2777991116260975e-07
X10370	    1.3001130069100945e-05
X10371	    3.3695559636087945e-09
X10406	    3.9369370634085085e-07
X10409	    7.7350769947232417e-07
X10438	    4.5368460568150423e-07
X10447	    1.3070519344880334e-07
X10459	    1.3070519344880334e-07
X10464	    8.9247082819452212e-06
X10465	    2.9492727115510200e-06
X10628	    1.1922206137638676e-06
X10630	    2.7265880584223763e-06
X10631	    7.6224828218356856e-07
X10639	    1.8248813808251025e-06
X10640	    1.3938645569625207e-07
X10655	    4.1985327906998966e-08
X10658	    9.6019723513054867e-08
X10661	    2.6843390983644240e-08
X10669	    1.4897318126419330e-09
X10672	    1.1378736146029713e-10
X10681	    1.7814412835469756e-09
X10831	    6.2083685548578067e-08
X10833	    9.9345564921515057e-08
X10835	    3.9693310210119681e-08
X10839	    9.5028856658437201e-08
X10841	    7.2584090438238866e-09
X10859	    4.1985327906998966e-08
X10860	    3.8331523699498336e-08
X10861	    2.6843390983644240e-08
X10863	    6.4265155526403322e-08
X10864	    4.9086435686815061e-09
X10868	    2.8852891698523983e-08
X10879	    4.1985327906998966e-08
X10880	    1.0936754434633432e-08
X10881	    2.6843390983644240e-08
X10883	    6.4265155526403322e-08
X10884	    4.9086435686815061e-09
X10904	    4.1985327906998966e-08
X10908	    4.8034588019407426e-09
X10912	    6.4265155526403322e-08
X10914	    4.9086435686815061e-09
X10919	    4.1985327906998966e-08
X10921	    4.8034588019407426e-09
X10923	    6.4265155526403322e-08
X10924	    4.9086435686815061e-09
X10927	    4.1985327906998966e-08
X10929	    4.8034588019407426e-09
X10931	    6.4265155526403322e-08
X10932	    4.9086435686815061e-09
X12188	    4.5622700494445532e-10
X13152	    8.6166350765273263e-11
X12620	    3.4799186627499113e-08
X12784	    2.2932991438638686e-10
X12849	    1.3243023799909384e-09
X12895	    1.3656643945208615e-09
X13149	    4.1778312495598178e-10
X13132	    3.7061578895836766e-10
X13136	    9.7397006798035768e-11
X13140	    8.9716355180083775e-09
X13170	    2.2942987412551875e-06
X13174	    7.6656445820441375e-07
X13175	    1.5956222895399925e-07
X13182	    1.3527242687175650e-08
X13184	    1.1049734989957508e-06
X13192	    1.4016547315447687e-06
X13196	    1.7503911720010081e-06
X13199	    1.1208088505271139e-06
X13204	    1.8858214382860813e-05
X13206	    2.6613439113772452e-12
X13207	    2.9722988555324812e-07
X13209	    4.0744260642206453e-07
X13217	    1.3524738637712680e-07
X13218	    1.5981551746040378e-07
X13230	    1.7503911720010081e-06
X13231	    8.8827322119361530e-07
X13240	    5.4481279317994536e-07
X13257	    9.6843022485653880e-06
X13258	    7.2085377332615589e-08
X13260	    5.3411763191047556e-08
X13275	    1.7405797159004714e-05
X13284	    2.9332430907773452e-05
X13286	    1.3201277744945113e-08
X13294	    1.1725232078855109e-06
X13300	    3.0953416545216850e-06
X13303	    9.5092351892585598e-07
X13304	    4.7110772371999750e-10
X13306	    2.4783005543289229e-07
X13311	    3.3695559757391959e-11
X13313	    6.4414900483823477e-06
X13323	    3.4688003370074264e-08
X13351	    2.9924605950659027e-07
X13353	    9.6592082498962671e-06
X13358	    1.8346427242948176e-06
X13360	    5.5369013646620861e-10
X13363	    1.5511580670546973e-06
X13364	    2.1046254075364193e-06
X13366	    4.2384817235108439e-06
X13367	    1.0186065160551613e-06
X13369	    1.9665682884955749e-12
X13370	    3.2243274792870944e-07
X13433	    1.1939736825988699e-11
X13451	    8.7794102912471106e-07
X13461	    6.0624869714685259e-07
X13462	    3.0576021247406480e-06
X13467	    2.2125117992269804e-07
X13469	    5.7870854490773931e-07
X13471	    2.3705483563146216e-06
X13474	    1.3073639773470714e-06
X13475	    1.6046336436247984e-06
X13477	    1.0100596623898305e-07
X13478	    1.0645618492109490e-07
X13480	    2.1836726892697044e-07
X13484	    1.7261109983634675e-07
X13485	    4.9286067256537939e-07
X13490	    1.9339610472696765e-06
X13491	    7.1512250971665590e-06
X13496	    9.3075685111353004e-08
X13501	    1.2426057602096465e-07
X13503	    1.2426057602096465e-07
X13504	    1.2426057602096465e-07
X13505	    2.2452013667349643e-06
X13506	    2.2452013667349643e-06
X13507	    1.2426057602096465e-07
X13508	    1.2426057602096465e-07
X13509	    1.2426057602096465e-07
X13510	    1.2426057602096465e-07
X13513	    1.2426057602096465e-07
X13516	    9.8833564308703930e-09
X13546	    1.8919779536380307e-08
X13547	    8.7772982164365567e-06
X13548	    3.4483946198536652e-07
X13592	    3.4726278919538314e-07
X13595	    3.4483946198536652e-07
X13599	    1.8915468342147092e-08
X13603	    1.5026471939057985e-07
X13606	    2.9674398728571769e-08
X13608	    2.6297785805572619e-08
X13610	    2.3136883868152059e-08
X13613	    3.5285188325436477e-06
X13624	    2.2889843719542202e-10
X13629	    5.9259262073925918e-10
X13641	    1.4158067403694685e-08
X13643	    2.1362986284559009e-10
X13644	    6.0662602603516333e-09
X13647	    1.9223716155161290e-06
X13648	    6.0662602603516333e-09
X13650	    2.9036143726886853e-06
X13651	    1.0999424609269091e-06
X13654	    5.9047931332363859e-06
X13661	    4.4566031993131169e-07
X13663	    2.3955509236641394e-06
X13667	    2.4242424453147471e-09
X13672	    6.5074407952134392e-06
X13699	    4.8012213360258594e-09
X13704	    1.7906008751589654e-06
X13708	    4.2191033120933118e-06
X13714	    5.3568123741494432e-07
X13717	    2.6564591247950725e-07
X13721	    3.5792853896143649e-04
X13724	    7.1975923254553355e-11
X13725	    4.4749411724575622e-09
X13727	    4.1637393943056765e-08
X13729	    6.7544746686930084e-13
X13730	    6.7544746686930084e-13
X13734	    6.7468056219133217e-08
X13736	    7.0679547515165366e-06
X13739	    2.2124702166557106e-07
X13740	    2.7979822152286312e-06
X13742	    7.0318315884861192e-07
X13746	    1.7918961695288352e-05
X13748	    6.1575174258540317e-07
X13751	    2.5291708723194112e-08
X13754	    4.0012991235629097e-06
X13755	    9.2692146184851191e-06
X13774	    4.7451319090728054e-10
X13779	    1.0448319427645244e-04
X13788	    6.4307361778519720e-09
X13792	    9.9741871274027088e-07
X13793	    3.1919508851292573e-09
X13794	    2.7028406705779282e-06
X13806	    2.7183733105850886e-08
X13811	    1.9483720663839883e-05
X13812	    8.7397921041342629e-07
X13827	    6.0662602603516333e-09
X13832	    1.3893965688324872e-10
X13835	    1.9808541587432141e-10
X13836	    3.8445691026403545e-10
X13841	    2.6691866828562098e-05
X13848	    2.5474935174379879e-06
X13849	    1.2437257913417786e-08
X13850	    1.6601643147348686e-06
X13851	    9.2346640007127072e-08
X13856	    1.8858214382860813e-05
X13862	    8.3198004630268296e-07
X13863	    5.3510969834119895e-07
X13865	    7.1738536391843619e-07
X13866	    8.6656647126206066e-08
X13869	    3.4354340264349034e-10
X13876	    1.8915468342147092e-08
X13877	    2.1203864254549610e-05
X13880	    2.1203864254549610e-05
X13885	    7.1035876928559277e-07
X13886	    1.5391106667854512e-10
X13888	    9.9467157756575650e-07
X13890	    3.0844231960103025e-07
X13895	    1.6090462841925303e-06
X13898	    9.5258418543531449e-07
X13967	    3.7428664639230410e-08
X13973	    1.7778661817430857e-08
X13976	    2.3443337703286121e-05
X13978	    3.9698488296002786e-07
X13982	    1.5556329090251999e-05
X13989	    3.9141942265742023e-09
X13994	    3.3917651767735278e-07
X14009	    1.5289135129327143e-08
X14015	    1.2426057602096465e-07
X14017	    1.0303969365845935e-07
X14020	    4.1215877463383741e-07
X14034	    3.3279201852107318e-06
X14036	    2.6944350788951046e-07
X14039	    4.0712394866413743e-08
X14045	    5.7134789630311009e-08
X14049	    1.6129309179749870e-07
X14051	    1.5798658341565000e-06
X14052	    2.1535028638338724e-07
X14054	    1.2578187287625954e-06
X14057	    6.3855853702243108e-06
X14058	    2.3278378040672422e-05
X14060	    6.9174610488571455e-07
X14063	    6.7383146183710466e-07
X14065	    1.1536622484824315e-07
X14067	    6.4412236695652170e-12
X14068	    3.9084106929517027e-07
X14072	    1.0050198924732950e-06
X14096	    3.0290340108464611e-07
X14116	    4.2152777597138884e-08
X14120	    7.5324927724111582e-06
X14121	    9.0269152373278120e-09
X14126	    1.5464012425974064e-06
X14127	    5.8079176883033137e-07
X14135	    7.6359404648086288e-09
X14145	    9.8123714678226210e-09
X14150	    4.7247554063755072e-07
X14163	    8.6191762613369086e-07
X14167	    3.6843233287627050e-08
X14172	    4.0819067953652844e-08
X14174	    4.3493821694205595e-07
X14177	    1.6038032592502884e-09
X14180	    1.9864506693666665e-07
X14193	    6.8873507202068267e-07
X14194	    1.2329088104107871e-08
X14197	    1.0710377129663386e-06
X14201	    5.8663202495323426e-06
X14205	    1.1617594286949014e-06
X14210	    1.0299431055337481e-06
X14213	    1.7048143792723797e-06
X14216	    2.4823519822889170e-07
X14218	    3.1461038666982877e-06
X14220	    5.6479674826380796e-06
X14225	    7.1812083370749997e-06
X14229	    2.8968220430112621e-06
X14241	    3.4104309283234432e-07
X14242	    3.7311773740253361e-07
X14243	    3.7311773740253361e-07
X14244	    6.9205513760901871e-08
X14247	    9.5258418543531449e-07
X14249	    2.5480017706172066e-08
X14250	    1.0710377129663386e-06
X14251	    3.4104309283234432e-07
X14252	    2.4699414303841899e-07
X14257	    7.8772590352935723e-05
X14258	    1.4694726192344836e-05
X14264	    2.7286444238904728e-10
X14267	    6.0442602656723949e-07
X14268	    2.8557984855456589e-07
X14270	    1.4503152651252621e-06
X14271	    9.4577341710735460e-09
X14284	    2.3887545543239610e-08
X14286	    1.7246982644809756e-06
X14289	    1.2897769357106974e-05
X14293	    1.1932592033233575e-07
X14294	    3.1924422001122817e-06
X14299	    6.3492061885714285e-10
X14303	    8.3005647933282784e-09
X14306	    2.0217336541669612e-08
X14308	    3.8298368178586469e-09
X14324	    8.0869349304826882e-09
X14331	    4.9049385103317070e-07
X14334	    1.1600317628241022e-07
X14340	    3.7616119114748965e-07
X14341	    3.2195904364091986e-08
X14345	    1.8072359999876339e-09
X14349	    2.7691326503468841e-06
X14350	    2.1142546516273506e-07
X14351	    1.3386761056646369e-07
X14368	    3.5285188325436477e-06
X14369	    4.9666575688379515e-07
X14372	    1.3056242830888775e-08
X14380	    4.6686131985861559e-08
X14381	    4.7883212293191342e-09
X14391	    1.1481880559741659e-10
X14398	    7.5303333462641971e-08
X14400	    1.2644305791739575e-10
X14402	    3.7138976804627004e-06
X14403	    3.0427986541327816e-06
X14405	    3.9024389573550137e-08
X14410	    6.3931665851586826e-06
X14414	    1.4658053898952888e-06
X14418	    9.8105744289957123e-07
X14421	    8.7794102912471106e-07
X14422	    1.4787373979349778e-06
X14424	    7.8839516669321640e-07
X14426	    2.5666003236874053e-07
X14428	    1.5298823861228537e-07
X14431	    6.2586174260986715e-07
X14439	    6.7468056219133217e-08
X14440	    1.2099751807646654e-08
X14451	    1.8915468342147092e-08
X14453	    1.7572470089854644e-11
X14463	    2.1697678760569928e-08
X14464	    2.8611040346284359e-05
X14478	    1.0723018034227149e-06
X14496	    6.4589353353773800e-05
X14502	    1.1689311635324074e-06
X14505	    2.1373239988891902e-05
X14521	    1.1689311635324074e-06
X14524	    7.4668313129682267e-07
X14584	    3.3695559757391959e-11
X14602	    8.4212839844113409e-06
X14647	    2.8852891698523983e-08
X14652	    2.7313287890417229e-09
X14710	    2.1631783330307358e-06
X14887	    2.0453205202554122e-08
X14891	    5.7870854490773931e-07
X14899	    9.3897650473279926e-07
X14911	    4.3068108448526554e-10
X14933	    4.7472978789686327e-10
X14970	    3.6148036777203939e-07
X14971	    3.3979292423371568e-07
X14975	    4.0434674147081119e-12
X14986	    9.2828192868984048e-05
X14994	    1.1717933319764141e-06
X15024	    2.0434226979764437e-10
X15037	    3.3695559757391959e-11
X15046	    1.2777991116260975e-07
X15052	    2.2923275181759504e-05
X15107	    1.3001130069100945e-05
X15108	    3.3695559636087945e-09
X15118	    1.2426057602096465e-07
X15132	    3.7072764758187429e-06
X15134	    1.3433995054876307e-05
X15137	    2.6895896722523046e-08
X15143	    3.9369370634085085e-07
X15144	    4.1619749325893023e-06
X15146	    7.7350769947232417e-07
X15165	    1.3070519344880334e-07
X15175	    4.5368460568150423e-07
X15184	    1.3070519344880334e-07
X15196	    1.3070519344880334e-07
X15201	    8.9247082819452212e-06
X15202	    2.9492727115510200e-06
X15365	    1.1922206137638676e-06
X15367	    2.7265880584223763e-06
X15368	    7.6224828218356856e-07
X15376	    1.8248813808251025e-06
X15377	    1.3938645569625207e-07
X15392	    4.1985327906998966e-08
X15395	    9.6019723513054867e-08
X15398	    2.6843390983644240e-08
X15406	    1.4897318126419330e-09
X15409	    1.1378736146029713e-10
X15418	    1.7814412835469756e-09
X15467	    1.9681058818301369e-08
X15470	    2.8835308115032546e-08
X15568	    6.2083685548578067e-08
X15570	    9.9345564921515057e-08
X15572	    3.9693310210119681e-08
X15576	    9.5028856658437201e-08
X15578	    7.2584090438238866e-09
X15596	    4.1985327906998966e-08
X15597	    3.8331523699498336e-08
X15598	    2.6843390983644240e-08
X15600	    6.4265155526403322e-08
X15601	    4.9086435686815061e-09
X15605	    2.8852891698523983e-08
X15616	    4.1985327906998966e-08
X15617	    1.0936754434633432e-08
X15618	    2.6843390983644240e-08
X15620	    6.4265155526403322e-08
X15621	    4.9086435686815061e-09
X15641	    4.1985327906998966e-08
X15645	    4.8034588019407426e-09
X15649	    6.4265155526403322e-08
X15651	    4.9086435686815061e-09
X15656	    4.1985327906998966e-08
X15658	    4.8034588019407426e-09
X15660	    6.4265155526403322e-08
X15661	    4.9086435686815061e-09
X15664	    4.1985327906998966e-08
X15666	    4.8034588019407426e-09
X15668	    6.4265155526403322e-08
X15669	    4.9086435686815061e-09
X16925	    4.5622700494445532e-10
X17183	    9.3817984310162576e-07
X17186	    1.7633404168522637e-07
X17299	    9.6818017023992538e-09
X17357	    3.4799186627499113e-08
X17521	    2.2932991438638686e-10
X17586	    1.3243023799909384e-09
X17632	    1.3656643945208615e-09
X17863	    7.0427033614579353e-08
X17869	    3.7061578895836766e-10
X17873	    9.7397006798035768e-11
X17875	    7.7888133324301394e-10
X17877	    8.9716355180083775e-09
X17881	    1.7996072696269736e-08
X17886	    4.1778312495598178e-10
X17889	    8.6166350765273263e-11
X17891	    2.4602315204666002e-10
X17893	    2.2248004842183235e-10
X17894	    4.5408381820744195e-11
X17895	    4.2910480908653635e-10
X17896	    2.8346222210833865e-08
X21544	    2.1047069991544142e-03
X21638	    9.3542533295751750e-08
X21553	    2.3385633323937938e-08
X21626	    2.3385633323937938e-08
X21557	    1.5284727662704535e-09
X21640	    1.5284727662704535e-09
X21559	    1.2992018513298854e-07
X21618	    1.2992018513298854e-07
X21561	    1.7743272628177494e-08
X21606	    1.7743272628177494e-08
X21622	    4.0320057455065408e-08
X21565	    2.9232041654922422e-06
X21596	    2.9232041654922422e-06
X21567	    1.6704023802812813e-06
X21604	    1.6704023802812813e-06
X21624	    5.1968074053195415e-07
X21571	    3.2302211839665835e-06
X21594	    3.2302211839665835e-06
X21573	    2.2272031737083752e-08
X21600	    2.2272031737083752e-08
X21575	    1.6140051216056558e-07
X21630	    1.6140051216056558e-07
X21602	    5.8464083309844844e-06
X21579	    1.6704023802812813e-06
X21636	    1.6704023802812813e-06
X21614	    5.1968074053195415e-07
X21612	    5.1968074053195415e-07
X21585	    8.2498434826195099e-07
X21598	    8.2498434826195099e-07
X21610	    4.2063246631599716e-06
X21589	    1.1546134568411865e-06
X21608	    1.1546134568411865e-06
X21591	    1.3517707123663547e-07
X21632	    1.3517707123663547e-07
X21593	    2.6789416174868165e-06
X21620	    2.6789416174868165e-06
X21595	    3.2302211839665835e-06
X21597	    2.9232041654922422e-06
X21599	    8.2498434826195099e-07
X21601	    2.2272031737083752e-08
X21603	    5.8464083309844844e-06
X21605	    1.6704023802812813e-06
X21607	    1.7743272628177494e-08
X21609	    1.1546134568411865e-06
X21611	    4.2063246631599716e-06
X21613	    5.1968074053195415e-07
X21615	    5.1968074053195415e-07
X21619	    1.2992018513298854e-07
X21621	    2.6789416174868165e-06
X21623	    4.0320057455065408e-08
X21625	    5.1968074053195415e-07
X21627	    2.3385633323937938e-08
X21631	    1.6140051216056558e-07
X21633	    1.3517707123663547e-07
X21637	    1.6704023802812813e-06
X21639	    9.3542533295751750e-08
X21641	    1.5284727662704535e-09
All other variables are zero (within 1.0e-16). Solution has 2044 nonzero entries.
Primal solution feasible in original problem (max. violation = 10143418653964687260033740111059/1915619426082361072947933783937886479523423902729502720000000000000).
Dual solution feasible in original problem (max. violation = 12555833025331831275379/10633823966279326983230456482242756608000000000000000).

Statistics
==========

SoPlex status       : problem is solved [optimal]
Original problem    : 
  Columns           : 21669
              boxed : 3670
        lower bound : 17999
        upper bound : 0
               free : 0
  Rows              : 17151
              equal : 17150
             ranged : 0
                lhs : 0
                rhs : 1
               free : 0
  Nonzeros          : 116175
         per column : 5.36134570
            per row : 6.77365751
           sparsity : 0.00031260
    min. abs. value : 0.00000090
    max. abs. value : 48150000000.00000000
Objective sense     : maximize
Solution (rational) : 
  Objective value   : 716194679347329828868623963509905275/340282366920938463463374607431768211456
Size (base 2/10)    : 
  Total primal      : 619434 / 215932
  Total dual        : 2411726 / 746424
  DLCM primal       : 201 / 61
  DLCM dual         : 163 / 50
  DMAX primal       : 199 / 60
  DMAX dual         : 163 / 50
Violation (rational): 
  Max/sum bound     : 601/680564733841876926926749214863536422912 / 5543341154393980411905/6277101735386680763835789423207666416102355444464034512896
  Max/sum row       : 10143418653964687260033740111059/1915619426082361072947933783937886479523423902729502720000000000000 / 6717738696465950112996621559475742213589/100433627766186892221372630771322662657637687111424552206336000000000000000
  Max/sum redcost   : 12555833025331831275379/10633823966279326983230456482242756608000000000000000 / 118962129664157790909890006617/11150372599265311570767859136324180752990208000000000000000
  Max/sum dual      : 0 / 0
Total time          : 10.48
  Reading           : 0.94
  Solving           : 9.54
  Preprocessing     : 0.00 (0.00% of solving time)
  Simplex           : 9.24 (96.86% of solving time)
  Synchronization   : 0.02 (0.21% of solving time)
  Transformation    : 0.00 (0.00% of solving time)
  Rational          : 0.21 (2.20% of solving time)
  Other             : 0.07 (0.73% of solving time)
Refinements         : 2
  Stalling          : 1
  Pivoting          : 1
  Feasibility       : 0
  Unboundedness     : 0
Iterations          : 12503
  From scratch      : 12503 (100.00%)
  From basis        : 0 (0.00%)
  Primal            : 487 (3.90%)
  Dual              : 12016 (96.10%)
  Bound flips       : 0
  Sol. polishing    : 0
LU factorizations   : 90
  Factor. frequency : 138.92 iterations per factorization
  Factor. time      : 0.29
LU solves           : 113397
  Solve frequency   : 9.07 solves per iteration
  Solve time        : 3.77
Rat. factorizations : 0
  Rat. factor. time : 0.00
  Rat. solve time   : 0.00
Rat. reconstructions: 2
  Rat. rec. time    : 0.03
Degeneracy          : 
  Primal Pivots     : 135
  Dual Pivots       : 1240
  Primal Candidates : 0
  Dual Candidates   : 0
  Average Primal    : 0.00
  Average Dual      : 0.00
Numerics            :
  Condition Number  : 0.00000000e+00
